<?xml version="1.0" encoding="utf-8"?>
<CoverageSession>
  <Summary numSequencePoints="2104" visitedSequencePoints="44" numBranchPoints="524" visitedBranchPoints="17" sequenceCoverage="2.09" branchCoverage="3.24" maxCyclomaticComplexity="700" minCyclomaticComplexity="700" visitedClasses="1" numClasses="119" visitedMethods="2" numMethods="264" />
  <Modules>
    <Module hash="A3BE1BC8-D175-4F66-81BF-3D7090B8FDAC">
      <ModulePath>FRC-App.dll</ModulePath>
      <ModuleTime>2024-11-21T12:56:56</ModuleTime>
      <ModuleName>FRC-App</ModuleName>
      <Files>
        <File uid="1" fullPath="C:\Users\Jenna\Documents\GitHub\LogBotics\FRC-App\Backend-Models\Column.cs" />
        <File uid="2" fullPath="C:\Users\Jenna\Documents\GitHub\LogBotics\FRC-App\Backend-Models\DataContainer.cs" />
        <File uid="3" fullPath="C:\Users\Jenna\Documents\GitHub\LogBotics\FRC-App\Backend-Models\DataExport.cs" />
        <File uid="4" fullPath="C:\Users\Jenna\Documents\GitHub\LogBotics\FRC-App\Backend-Models\DataImport.cs" />
        <File uid="5" fullPath="C:\Users\Jenna\Documents\GitHub\LogBotics\FRC-App\Backend-Models\DataType.cs" />
        <File uid="6" fullPath="C:\Users\Jenna\Documents\GitHub\LogBotics\FRC-App\Backend-Models\Map.cs" />
        <File uid="7" fullPath="C:\Users\Jenna\Documents\GitHub\LogBotics\FRC-App\Backend-Models\Motor.cs" />
        <File uid="8" fullPath="C:\Users\Jenna\Documents\GitHub\LogBotics\FRC-App\Backend-Models\Plot.cs" />
        <File uid="9" fullPath="C:\Users\Jenna\Documents\GitHub\LogBotics\FRC-App\Backend-Models\Sensor.cs" />
        <File uid="10" fullPath="C:\Users\Jenna\Documents\GitHub\LogBotics\FRC-App\Backend-Models\Session.cs" />
        <File uid="11" fullPath="C:\Users\Jenna\Documents\GitHub\LogBotics\FRC-App\obj\Debug\net8.0\Microsoft.Maui.Controls.SourceGen\Microsoft.Maui.Controls.SourceGen.CodeBehindGenerator\Resources_Styles_Colors.xaml.sg.cs" />
        <File uid="12" fullPath="C:\Users\Jenna\Documents\GitHub\LogBotics\FRC-App\obj\Debug\net8.0\Microsoft.Maui.Controls.SourceGen\Microsoft.Maui.Controls.SourceGen.CodeBehindGenerator\Resources_Styles_Styles.xaml.sg.cs" />
        <File uid="13" fullPath="C:\Users\Jenna\Documents\GitHub\LogBotics\FRC-App\App.xaml.cs" />
        <File uid="14" fullPath="C:\Users\Jenna\Documents\GitHub\LogBotics\FRC-App\obj\Debug\net8.0\Microsoft.Maui.Controls.SourceGen\Microsoft.Maui.Controls.SourceGen.CodeBehindGenerator\App.xaml.sg.cs" />
        <File uid="15" fullPath="C:\Users\Jenna\Documents\GitHub\LogBotics\FRC-App\obj\Debug\net8.0\Microsoft.Maui.Controls.SourceGen\Microsoft.Maui.Controls.SourceGen.CodeBehindGenerator\AppShell.xaml.sg.cs" />
        <File uid="16" fullPath="C:\Users\Jenna\Documents\GitHub\LogBotics\FRC-App\AppShell.xaml.cs" />
        <File uid="17" fullPath="C:\Users\Jenna\Documents\GitHub\LogBotics\FRC-App\Backend-Models\GlobalSettingsViewModel.cs" />
        <File uid="18" fullPath="C:\Users\Jenna\Documents\GitHub\LogBotics\FRC-App\Front-Back-Interface\AddPlotPage.xaml.cs" />
        <File uid="19" fullPath="C:\Users\Jenna\Documents\GitHub\LogBotics\FRC-App\obj\Debug\net8.0\Microsoft.Maui.Controls.SourceGen\Microsoft.Maui.Controls.SourceGen.CodeBehindGenerator\Frontend-Views_AddPlotPage.xaml.sg.cs" />
        <File uid="20" fullPath="C:\Users\Jenna\Documents\GitHub\LogBotics\FRC-App\obj\Debug\net8.0\Microsoft.Maui.Controls.SourceGen\Microsoft.Maui.Controls.SourceGen.CodeBehindGenerator\Frontend-Views_CreateAccountPage.xaml.sg.cs" />
        <File uid="21" fullPath="C:\Users\Jenna\Documents\GitHub\LogBotics\FRC-App\Front-Back-Interface\CreateAccountPage.xaml.cs" />
        <File uid="22" fullPath="C:\Users\Jenna\Documents\GitHub\LogBotics\FRC-App\Front-Back-Interface\DataManipulationPage.xaml.cs" />
        <File uid="23" fullPath="C:\Users\Jenna\Documents\GitHub\LogBotics\FRC-App\obj\Debug\net8.0\Microsoft.Maui.Controls.SourceGen\Microsoft.Maui.Controls.SourceGen.CodeBehindGenerator\Frontend-Views_DataManipulationPage.xaml.sg.cs" />
        <File uid="24" fullPath="C:\Users\Jenna\Documents\GitHub\LogBotics\FRC-App\Front-Back-Interface\Debugging.xaml.cs" />
        <File uid="25" fullPath="C:\Users\Jenna\Documents\GitHub\LogBotics\FRC-App\obj\Debug\net8.0\Microsoft.Maui.Controls.SourceGen\Microsoft.Maui.Controls.SourceGen.CodeBehindGenerator\Frontend-Views_Debugging.xaml.sg.cs" />
        <File uid="26" fullPath="C:\Users\Jenna\Documents\GitHub\LogBotics\FRC-App\Front-Back-Interface\EditAccountInfoPage.xaml.cs" />
        <File uid="27" fullPath="C:\Users\Jenna\Documents\GitHub\LogBotics\FRC-App\obj\Debug\net8.0\Microsoft.Maui.Controls.SourceGen\Microsoft.Maui.Controls.SourceGen.CodeBehindGenerator\Frontend-Views_EditAccountInfoPage.xaml.sg.cs" />
        <File uid="28" fullPath="C:\Users\Jenna\Documents\GitHub\LogBotics\FRC-App\obj\Debug\net8.0\Microsoft.Maui.Controls.SourceGen\Microsoft.Maui.Controls.SourceGen.CodeBehindGenerator\Frontend-Views_ForgotPasswordPage.xaml.sg.cs" />
        <File uid="29" fullPath="C:\Users\Jenna\Documents\GitHub\LogBotics\FRC-App\Front-Back-Interface\ForgotPasswordPage.xaml.cs" />
        <File uid="30" fullPath="C:\Users\Jenna\Documents\GitHub\LogBotics\FRC-App\Front-Back-Interface\HomePage.xaml.cs" />
        <File uid="31" fullPath="C:\Users\Jenna\Documents\GitHub\LogBotics\FRC-App\obj\Debug\net8.0\Microsoft.Maui.Controls.SourceGen\Microsoft.Maui.Controls.SourceGen.CodeBehindGenerator\Frontend-Views_HomePage.xaml.sg.cs" />
        <File uid="32" fullPath="C:\Users\Jenna\Documents\GitHub\LogBotics\FRC-App\Front-Back-Interface\ImportData.xaml.cs" />
        <File uid="33" fullPath="C:\Users\Jenna\Documents\GitHub\LogBotics\FRC-App\obj\Debug\net8.0\Microsoft.Maui.Controls.SourceGen\Microsoft.Maui.Controls.SourceGen.CodeBehindGenerator\Frontend-Views_ImportData.xaml.sg.cs" />
        <File uid="34" fullPath="C:\Users\Jenna\Documents\GitHub\LogBotics\FRC-App\Front-Back-Interface\InstructionPage.xaml.cs" />
        <File uid="35" fullPath="C:\Users\Jenna\Documents\GitHub\LogBotics\FRC-App\obj\Debug\net8.0\Microsoft.Maui.Controls.SourceGen\Microsoft.Maui.Controls.SourceGen.CodeBehindGenerator\Frontend-Views_InstructionPage.xaml.sg.cs" />
        <File uid="36" fullPath="C:\Users\Jenna\Documents\GitHub\LogBotics\FRC-App\Front-Back-Interface\LoginPage.xaml.cs" />
        <File uid="37" fullPath="C:\Users\Jenna\Documents\GitHub\LogBotics\FRC-App\obj\Debug\net8.0\Microsoft.Maui.Controls.SourceGen\Microsoft.Maui.Controls.SourceGen.CodeBehindGenerator\Frontend-Views_LoginPage.xaml.sg.cs" />
        <File uid="38" fullPath="C:\Users\Jenna\Documents\GitHub\LogBotics\FRC-App\Front-Back-Interface\MapPage.xaml.cs" />
        <File uid="39" fullPath="C:\Users\Jenna\Documents\GitHub\LogBotics\FRC-App\obj\Debug\net8.0\Microsoft.Maui.Controls.SourceGen\Microsoft.Maui.Controls.SourceGen.CodeBehindGenerator\Frontend-Views_MapPage.xaml.sg.cs" />
        <File uid="40" fullPath="C:\Users\Jenna\Documents\GitHub\LogBotics\FRC-App\Front-Back-Interface\PreferencePage.xaml.cs" />
        <File uid="41" fullPath="C:\Users\Jenna\Documents\GitHub\LogBotics\FRC-App\obj\Debug\net8.0\Microsoft.Maui.Controls.SourceGen\Microsoft.Maui.Controls.SourceGen.CodeBehindGenerator\Frontend-Views_PreferencePage.xaml.sg.cs" />
        <File uid="42" fullPath="C:\Users\Jenna\Documents\GitHub\LogBotics\FRC-App\obj\Debug\net8.0\Microsoft.Maui.Controls.SourceGen\Microsoft.Maui.Controls.SourceGen.CodeBehindGenerator\Frontend-Views_ReportBugPage.xaml.sg.cs" />
        <File uid="43" fullPath="C:\Users\Jenna\Documents\GitHub\LogBotics\FRC-App\Front-Back-Interface\ReportBugPage.xaml.cs" />
        <File uid="44" fullPath="C:\Users\Jenna\Documents\GitHub\LogBotics\FRC-App\MauiProgram.cs" />
        <File uid="45" fullPath="C:\Users\Jenna\Documents\GitHub\LogBotics\FRC-App\obj\Debug\net8.0\Microsoft.Maui.Controls.SourceGen\Microsoft.Maui.Controls.SourceGen.CodeBehindGenerator\Resources_Styles_DarkTheme.xaml.sg.cs" />
        <File uid="46" fullPath="C:\Users\Jenna\Documents\GitHub\LogBotics\FRC-App\Resources\Styles\DarkTheme.xaml.cs" />
        <File uid="47" fullPath="C:\Users\Jenna\Documents\GitHub\LogBotics\FRC-App\obj\Debug\net8.0\Microsoft.Maui.Controls.SourceGen\Microsoft.Maui.Controls.SourceGen.CodeBehindGenerator\Resources_Styles_LightTheme.xaml.sg.cs" />
        <File uid="48" fullPath="C:\Users\Jenna\Documents\GitHub\LogBotics\FRC-App\Resources\Styles\LightTheme.xaml.cs" />
        <File uid="49" fullPath="C:\Users\Jenna\Documents\GitHub\LogBotics\FRC-App\Backend-Models\User.cs" />
        <File uid="50" fullPath="C:\Users\Jenna\Documents\GitHub\LogBotics\FRC-App\Backend-Models\DseventsParser.cs" />
        <File uid="51" fullPath="C:\Users\Jenna\Documents\GitHub\LogBotics\FRC-App\Backend-Models\BugReportService.cs" />
        <File uid="52" fullPath="C:\Users\Jenna\Documents\GitHub\LogBotics\FRC-App\Backend-Models\DeviceInfoProvider.cs" />
        <File uid="53" fullPath="C:\Users\Jenna\Documents\GitHub\LogBotics\FRC-App\Services\UserDatabase.cs" />
      </Files>
      <Classes>
        <Class>
          <Summary numSequencePoints="23" visitedSequencePoints="0" numBranchPoints="10" visitedBranchPoints="0" sequenceCoverage="0" branchCoverage="0" maxCyclomaticComplexity="8" minCyclomaticComplexity="1" visitedClasses="0" numClasses="1" visitedMethods="0" numMethods="4" />
          <FullName>Column</FullName>
          <Methods>
            <Method cyclomaticComplexity="1" nPathComplexity="1" sequenceCoverage="0" branchCoverage="100" isConstructor="False" isGetter="True" isSetter="False" isStatic="True">
              <Summary numSequencePoints="1" visitedSequencePoints="0" numBranchPoints="0" visitedBranchPoints="0" sequenceCoverage="0" branchCoverage="100" maxCyclomaticComplexity="1" minCyclomaticComplexity="1" visitedClasses="0" numClasses="0" visitedMethods="0" numMethods="1" />
              <MetadataToken />
              <Name>System.String Column::get_Label()</Name>
              <FileRef uid="1" />
              <SequencePoints>
                <SequencePoint vc="0" uspid="5" ordinal="0" sl="5" sc="1" el="5" ec="2" bec="0" bev="0" fileid="1" />
              </SequencePoints>
              <BranchPoints />
              <MethodPoint vc="0" uspid="0" p8:type="SequencePoint" ordinal="0" offset="0" sc="0" sl="5" ec="1" el="5" bec="0" bev="0" fileid="1" xmlns:p8="xsi" />
            </Method>
            <Method cyclomaticComplexity="1" nPathComplexity="1" sequenceCoverage="0" branchCoverage="100" isConstructor="False" isGetter="True" isSetter="False" isStatic="True">
              <Summary numSequencePoints="1" visitedSequencePoints="0" numBranchPoints="0" visitedBranchPoints="0" sequenceCoverage="0" branchCoverage="100" maxCyclomaticComplexity="1" minCyclomaticComplexity="1" visitedClasses="0" numClasses="0" visitedMethods="0" numMethods="1" />
              <MetadataToken />
              <Name>System.Collections.Generic.List`1&lt;System.Double&gt; Column::get_Data()</Name>
              <FileRef uid="1" />
              <SequencePoints>
                <SequencePoint vc="0" uspid="6" ordinal="0" sl="6" sc="1" el="6" ec="2" bec="0" bev="0" fileid="1" />
              </SequencePoints>
              <BranchPoints />
              <MethodPoint vc="0" uspid="0" p8:type="SequencePoint" ordinal="1" offset="1" sc="0" sl="6" ec="1" el="6" bec="0" bev="0" fileid="1" xmlns:p8="xsi" />
            </Method>
            <Method cyclomaticComplexity="8" nPathComplexity="8" sequenceCoverage="0" branchCoverage="0" isConstructor="False" isGetter="False" isSetter="False" isStatic="True">
              <Summary numSequencePoints="12" visitedSequencePoints="0" numBranchPoints="8" visitedBranchPoints="0" sequenceCoverage="0" branchCoverage="0" maxCyclomaticComplexity="8" minCyclomaticComplexity="8" visitedClasses="0" numClasses="0" visitedMethods="0" numMethods="1" />
              <MetadataToken />
              <Name>System.Boolean Column::Equals(Column)</Name>
              <FileRef uid="1" />
              <SequencePoints>
                <SequencePoint vc="0" uspid="9" ordinal="0" sl="9" sc="1" el="9" ec="2" bec="0" bev="0" fileid="1" />
                <SequencePoint vc="0" uspid="10" ordinal="1" sl="10" sc="1" el="10" ec="2" bec="2" bev="0" fileid="1" />
                <SequencePoint vc="0" uspid="11" ordinal="2" sl="11" sc="1" el="11" ec="2" bec="0" bev="0" fileid="1" />
                <SequencePoint vc="0" uspid="13" ordinal="3" sl="13" sc="1" el="13" ec="2" bec="0" bev="0" fileid="1" />
                <SequencePoint vc="0" uspid="14" ordinal="4" sl="14" sc="1" el="14" ec="2" bec="2" bev="0" fileid="1" />
                <SequencePoint vc="0" uspid="15" ordinal="5" sl="15" sc="1" el="15" ec="2" bec="0" bev="0" fileid="1" />
                <SequencePoint vc="0" uspid="17" ordinal="6" sl="17" sc="1" el="17" ec="2" bec="2" bev="0" fileid="1" />
                <SequencePoint vc="0" uspid="18" ordinal="7" sl="18" sc="1" el="18" ec="2" bec="2" bev="0" fileid="1" />
                <SequencePoint vc="0" uspid="19" ordinal="8" sl="19" sc="1" el="19" ec="2" bec="0" bev="0" fileid="1" />
                <SequencePoint vc="0" uspid="21" ordinal="9" sl="21" sc="1" el="21" ec="2" bec="0" bev="0" fileid="1" />
                <SequencePoint vc="0" uspid="22" ordinal="10" sl="22" sc="1" el="22" ec="2" bec="0" bev="0" fileid="1" />
                <SequencePoint vc="0" uspid="23" ordinal="11" sl="23" sc="1" el="23" ec="2" bec="0" bev="0" fileid="1" />
              </SequencePoints>
              <BranchPoints>
                <BranchPoint vc="0" uspid="10" ordinal="0" path="0" offset="20" offsetend="22" sl="10" fileid="1" />
                <BranchPoint vc="0" uspid="10" ordinal="1" path="1" offset="20" offsetend="27" sl="10" fileid="1" />
                <BranchPoint vc="0" uspid="14" ordinal="2" path="0" offset="58" offsetend="60" sl="14" fileid="1" />
                <BranchPoint vc="0" uspid="14" ordinal="3" path="1" offset="58" offsetend="65" sl="14" fileid="1" />
                <BranchPoint vc="0" uspid="17" ordinal="7" path="1" offset="129" offsetend="70" sl="17" fileid="1" />
                <BranchPoint vc="0" uspid="18" ordinal="4" path="0" offset="106" offsetend="108" sl="18" fileid="1" />
                <BranchPoint vc="0" uspid="18" ordinal="5" path="1" offset="106" offsetend="113" sl="18" fileid="1" />
                <BranchPoint vc="0" uspid="17" ordinal="6" path="0" offset="129" offsetend="131" sl="17" fileid="1" />
              </BranchPoints>
              <MethodPoint vc="0" uspid="0" p8:type="SequencePoint" ordinal="2" offset="2" sc="0" sl="9" ec="1" el="23" bec="0" bev="0" fileid="1" xmlns:p8="xsi" />
            </Method>
            <Method cyclomaticComplexity="2" nPathComplexity="2" sequenceCoverage="0" branchCoverage="0" isConstructor="False" isGetter="False" isSetter="False" isStatic="True">
              <Summary numSequencePoints="9" visitedSequencePoints="0" numBranchPoints="2" visitedBranchPoints="0" sequenceCoverage="0" branchCoverage="0" maxCyclomaticComplexity="2" minCyclomaticComplexity="2" visitedClasses="0" numClasses="0" visitedMethods="0" numMethods="1" />
              <MetadataToken />
              <Name>Column Column::Copy()</Name>
              <FileRef uid="1" />
              <SequencePoints>
                <SequencePoint vc="0" uspid="25" ordinal="0" sl="25" sc="1" el="25" ec="2" bec="0" bev="0" fileid="1" />
                <SequencePoint vc="0" uspid="26" ordinal="1" sl="26" sc="1" el="26" ec="2" bec="0" bev="0" fileid="1" />
                <SequencePoint vc="0" uspid="27" ordinal="2" sl="27" sc="1" el="27" ec="2" bec="0" bev="0" fileid="1" />
                <SequencePoint vc="0" uspid="28" ordinal="3" sl="28" sc="1" el="28" ec="2" bec="0" bev="0" fileid="1" />
                <SequencePoint vc="0" uspid="29" ordinal="4" sl="29" sc="1" el="29" ec="2" bec="2" bev="0" fileid="1" />
                <SequencePoint vc="0" uspid="30" ordinal="5" sl="30" sc="1" el="30" ec="2" bec="0" bev="0" fileid="1" />
                <SequencePoint vc="0" uspid="31" ordinal="6" sl="31" sc="1" el="31" ec="2" bec="0" bev="0" fileid="1" />
                <SequencePoint vc="0" uspid="33" ordinal="7" sl="33" sc="1" el="33" ec="2" bec="0" bev="0" fileid="1" />
                <SequencePoint vc="0" uspid="34" ordinal="8" sl="34" sc="1" el="34" ec="2" bec="0" bev="0" fileid="1" />
              </SequencePoints>
              <BranchPoints>
                <BranchPoint vc="0" uspid="29" ordinal="1" path="1" offset="77" offsetend="47" sl="29" fileid="1" />
                <BranchPoint vc="0" uspid="29" ordinal="0" path="0" offset="77" offsetend="79" sl="29" fileid="1" />
              </BranchPoints>
              <MethodPoint vc="0" uspid="0" p8:type="SequencePoint" ordinal="3" offset="3" sc="0" sl="25" ec="1" el="34" bec="0" bev="0" fileid="1" xmlns:p8="xsi" />
            </Method>
          </Methods>
        </Class>
        <Class>
          <Summary numSequencePoints="49" visitedSequencePoints="0" numBranchPoints="12" visitedBranchPoints="0" sequenceCoverage="0" branchCoverage="0" maxCyclomaticComplexity="6" minCyclomaticComplexity="1" visitedClasses="0" numClasses="1" visitedMethods="0" numMethods="5" />
          <FullName>DataContainer</FullName>
          <Methods>
            <Method cyclomaticComplexity="1" nPathComplexity="1" sequenceCoverage="0" branchCoverage="100" isConstructor="False" isGetter="True" isSetter="False" isStatic="True">
              <Summary numSequencePoints="1" visitedSequencePoints="0" numBranchPoints="0" visitedBranchPoints="0" sequenceCoverage="0" branchCoverage="100" maxCyclomaticComplexity="1" minCyclomaticComplexity="1" visitedClasses="0" numClasses="0" visitedMethods="0" numMethods="1" />
              <MetadataToken />
              <Name>FRC_App.Models.User DataContainer::get_user()</Name>
              <FileRef uid="2" />
              <SequencePoints>
                <SequencePoint vc="0" uspid="8" ordinal="0" sl="8" sc="1" el="8" ec="2" bec="0" bev="0" fileid="2" />
              </SequencePoints>
              <BranchPoints />
              <MethodPoint vc="0" uspid="0" p8:type="SequencePoint" ordinal="0" offset="0" sc="0" sl="8" ec="1" el="8" bec="0" bev="0" fileid="2" xmlns:p8="xsi" />
            </Method>
            <Method cyclomaticComplexity="1" nPathComplexity="1" sequenceCoverage="0" branchCoverage="100" isConstructor="False" isGetter="True" isSetter="False" isStatic="True">
              <Summary numSequencePoints="1" visitedSequencePoints="0" numBranchPoints="0" visitedBranchPoints="0" sequenceCoverage="0" branchCoverage="100" maxCyclomaticComplexity="1" minCyclomaticComplexity="1" visitedClasses="0" numClasses="0" visitedMethods="0" numMethods="1" />
              <MetadataToken />
              <Name>System.Collections.Generic.List`1&lt;Session&gt; DataContainer::get_sessions()</Name>
              <FileRef uid="2" />
              <SequencePoints>
                <SequencePoint vc="0" uspid="9" ordinal="0" sl="9" sc="1" el="9" ec="2" bec="0" bev="0" fileid="2" />
              </SequencePoints>
              <BranchPoints />
              <MethodPoint vc="0" uspid="0" p8:type="SequencePoint" ordinal="1" offset="1" sc="0" sl="9" ec="1" el="9" bec="0" bev="0" fileid="2" xmlns:p8="xsi" />
            </Method>
            <Method cyclomaticComplexity="2" nPathComplexity="2" sequenceCoverage="0" branchCoverage="0" isConstructor="False" isGetter="False" isSetter="False" isStatic="True">
              <Summary numSequencePoints="8" visitedSequencePoints="0" numBranchPoints="2" visitedBranchPoints="0" sequenceCoverage="0" branchCoverage="0" maxCyclomaticComplexity="2" minCyclomaticComplexity="2" visitedClasses="0" numClasses="0" visitedMethods="0" numMethods="1" />
              <MetadataToken />
              <Name>System.Collections.Generic.List`1&lt;System.String&gt; DataContainer::getSessionNames()</Name>
              <FileRef uid="2" />
              <SequencePoints>
                <SequencePoint vc="0" uspid="74" ordinal="0" sl="74" sc="1" el="74" ec="2" bec="0" bev="0" fileid="2" />
                <SequencePoint vc="0" uspid="75" ordinal="1" sl="75" sc="1" el="75" ec="2" bec="0" bev="0" fileid="2" />
                <SequencePoint vc="0" uspid="77" ordinal="2" sl="77" sc="1" el="77" ec="2" bec="2" bev="0" fileid="2" />
                <SequencePoint vc="0" uspid="78" ordinal="3" sl="78" sc="1" el="78" ec="2" bec="0" bev="0" fileid="2" />
                <SequencePoint vc="0" uspid="79" ordinal="4" sl="79" sc="1" el="79" ec="2" bec="0" bev="0" fileid="2" />
                <SequencePoint vc="0" uspid="80" ordinal="5" sl="80" sc="1" el="80" ec="2" bec="0" bev="0" fileid="2" />
                <SequencePoint vc="0" uspid="82" ordinal="6" sl="82" sc="1" el="82" ec="2" bec="0" bev="0" fileid="2" />
                <SequencePoint vc="0" uspid="83" ordinal="7" sl="83" sc="1" el="83" ec="2" bec="0" bev="0" fileid="2" />
              </SequencePoints>
              <BranchPoints>
                <BranchPoint vc="0" uspid="77" ordinal="1" path="1" offset="52" offsetend="22" sl="77" fileid="2" />
                <BranchPoint vc="0" uspid="77" ordinal="0" path="0" offset="52" offsetend="54" sl="77" fileid="2" />
              </BranchPoints>
              <MethodPoint vc="0" uspid="0" p8:type="SequencePoint" ordinal="2" offset="2" sc="0" sl="74" ec="1" el="83" bec="0" bev="0" fileid="2" xmlns:p8="xsi" />
            </Method>
            <Method cyclomaticComplexity="4" nPathComplexity="4" sequenceCoverage="0" branchCoverage="0" isConstructor="False" isGetter="False" isSetter="False" isStatic="True">
              <Summary numSequencePoints="8" visitedSequencePoints="0" numBranchPoints="4" visitedBranchPoints="0" sequenceCoverage="0" branchCoverage="0" maxCyclomaticComplexity="4" minCyclomaticComplexity="4" visitedClasses="0" numClasses="0" visitedMethods="0" numMethods="1" />
              <MetadataToken />
              <Name>Session DataContainer::getSession(System.String)</Name>
              <FileRef uid="2" />
              <SequencePoints>
                <SequencePoint vc="0" uspid="95" ordinal="0" sl="95" sc="1" el="95" ec="2" bec="0" bev="0" fileid="2" />
                <SequencePoint vc="0" uspid="96" ordinal="1" sl="96" sc="1" el="96" ec="2" bec="2" bev="0" fileid="2" />
                <SequencePoint vc="0" uspid="97" ordinal="2" sl="97" sc="1" el="97" ec="2" bec="0" bev="0" fileid="2" />
                <SequencePoint vc="0" uspid="98" ordinal="3" sl="98" sc="1" el="98" ec="2" bec="2" bev="0" fileid="2" />
                <SequencePoint vc="0" uspid="99" ordinal="4" sl="99" sc="1" el="99" ec="2" bec="0" bev="0" fileid="2" />
                <SequencePoint vc="0" uspid="101" ordinal="5" sl="101" sc="1" el="101" ec="2" bec="0" bev="0" fileid="2" />
                <SequencePoint vc="0" uspid="102" ordinal="6" sl="102" sc="1" el="102" ec="2" bec="0" bev="0" fileid="2" />
                <SequencePoint vc="0" uspid="103" ordinal="7" sl="103" sc="1" el="103" ec="2" bec="0" bev="0" fileid="2" />
              </SequencePoints>
              <BranchPoints>
                <BranchPoint vc="0" uspid="96" ordinal="3" path="1" offset="54" offsetend="16" sl="96" fileid="2" />
                <BranchPoint vc="0" uspid="98" ordinal="0" path="0" offset="39" offsetend="41" sl="98" fileid="2" />
                <BranchPoint vc="0" uspid="98" ordinal="1" path="1" offset="39" offsetend="46" sl="98" fileid="2" />
                <BranchPoint vc="0" uspid="96" ordinal="2" path="0" offset="54" offsetend="56" sl="96" fileid="2" />
              </BranchPoints>
              <MethodPoint vc="0" uspid="0" p8:type="SequencePoint" ordinal="3" offset="3" sc="0" sl="95" ec="1" el="103" bec="0" bev="0" fileid="2" xmlns:p8="xsi" />
            </Method>
            <Method cyclomaticComplexity="6" nPathComplexity="6" sequenceCoverage="0" branchCoverage="0" isConstructor="True" isGetter="False" isSetter="False" isStatic="True">
              <Summary numSequencePoints="31" visitedSequencePoints="0" numBranchPoints="6" visitedBranchPoints="0" sequenceCoverage="0" branchCoverage="0" maxCyclomaticComplexity="6" minCyclomaticComplexity="6" visitedClasses="0" numClasses="0" visitedMethods="0" numMethods="1" />
              <MetadataToken />
              <Name>System.Void DataContainer::.ctor(FRC_App.Models.User)</Name>
              <FileRef uid="2" />
              <SequencePoints>
                <SequencePoint vc="0" uspid="11" ordinal="0" sl="11" sc="1" el="11" ec="2" bec="0" bev="0" fileid="2" />
                <SequencePoint vc="0" uspid="12" ordinal="1" sl="12" sc="1" el="12" ec="2" bec="0" bev="0" fileid="2" />
                <SequencePoint vc="0" uspid="13" ordinal="2" sl="13" sc="1" el="13" ec="2" bec="0" bev="0" fileid="2" />
                <SequencePoint vc="0" uspid="15" ordinal="3" sl="15" sc="1" el="15" ec="2" bec="0" bev="0" fileid="2" />
                <SequencePoint vc="0" uspid="16" ordinal="4" sl="16" sc="1" el="16" ec="2" bec="2" bev="0" fileid="2" />
                <SequencePoint vc="0" uspid="17" ordinal="5" sl="17" sc="1" el="17" ec="2" bec="0" bev="0" fileid="2" />
                <SequencePoint vc="0" uspid="18" ordinal="6" sl="18" sc="1" el="18" ec="2" bec="0" bev="0" fileid="2" />
                <SequencePoint vc="0" uspid="19" ordinal="7" sl="19" sc="1" el="19" ec="2" bec="0" bev="0" fileid="2" />
                <SequencePoint vc="0" uspid="21" ordinal="8" sl="21" sc="1" el="21" ec="2" bec="0" bev="0" fileid="2" />
                <SequencePoint vc="0" uspid="23" ordinal="9" sl="23" sc="1" el="23" ec="2" bec="0" bev="0" fileid="2" />
                <SequencePoint vc="0" uspid="25" ordinal="10" sl="25" sc="1" el="25" ec="2" bec="0" bev="0" fileid="2" />
                <SequencePoint vc="0" uspid="26" ordinal="11" sl="26" sc="1" el="26" ec="2" bec="2" bev="0" fileid="2" />
                <SequencePoint vc="0" uspid="27" ordinal="12" sl="27" sc="1" el="27" ec="2" bec="0" bev="0" fileid="2" />
                <SequencePoint vc="0" uspid="28" ordinal="13" sl="28" sc="1" el="28" ec="2" bec="0" bev="0" fileid="2" />
                <SequencePoint vc="0" uspid="29" ordinal="14" sl="29" sc="1" el="29" ec="2" bec="0" bev="0" fileid="2" />
                <SequencePoint vc="0" uspid="30" ordinal="15" sl="30" sc="1" el="30" ec="2" bec="0" bev="0" fileid="2" />
                <SequencePoint vc="0" uspid="32" ordinal="16" sl="32" sc="1" el="32" ec="2" bec="0" bev="0" fileid="2" />
                <SequencePoint vc="0" uspid="33" ordinal="17" sl="33" sc="1" el="33" ec="2" bec="2" bev="0" fileid="2" />
                <SequencePoint vc="0" uspid="34" ordinal="18" sl="34" sc="1" el="34" ec="2" bec="0" bev="0" fileid="2" />
                <SequencePoint vc="0" uspid="35" ordinal="19" sl="35" sc="1" el="35" ec="2" bec="0" bev="0" fileid="2" />
                <SequencePoint vc="0" uspid="36" ordinal="20" sl="36" sc="1" el="36" ec="2" bec="0" bev="0" fileid="2" />
                <SequencePoint vc="0" uspid="37" ordinal="21" sl="37" sc="1" el="37" ec="2" bec="0" bev="0" fileid="2" />
                <SequencePoint vc="0" uspid="39" ordinal="22" sl="39" sc="1" el="39" ec="2" bec="0" bev="0" fileid="2" />
                <SequencePoint vc="0" uspid="40" ordinal="23" sl="40" sc="1" el="40" ec="2" bec="0" bev="0" fileid="2" />
                <SequencePoint vc="0" uspid="41" ordinal="24" sl="41" sc="1" el="41" ec="2" bec="0" bev="0" fileid="2" />
                <SequencePoint vc="0" uspid="43" ordinal="25" sl="43" sc="1" el="43" ec="2" bec="0" bev="0" fileid="2" />
                <SequencePoint vc="0" uspid="44" ordinal="26" sl="44" sc="1" el="44" ec="2" bec="0" bev="0" fileid="2" />
                <SequencePoint vc="0" uspid="45" ordinal="27" sl="45" sc="1" el="45" ec="2" bec="0" bev="0" fileid="2" />
                <SequencePoint vc="0" uspid="46" ordinal="28" sl="46" sc="1" el="46" ec="2" bec="0" bev="0" fileid="2" />
                <SequencePoint vc="0" uspid="47" ordinal="29" sl="47" sc="1" el="47" ec="2" bec="0" bev="0" fileid="2" />
                <SequencePoint vc="0" uspid="48" ordinal="30" sl="48" sc="1" el="48" ec="2" bec="0" bev="0" fileid="2" />
              </SequencePoints>
              <BranchPoints>
                <BranchPoint vc="0" uspid="16" ordinal="5" path="1" offset="376" offsetend="64" sl="16" fileid="2" />
                <BranchPoint vc="0" uspid="26" ordinal="3" path="1" offset="333" offsetend="134" sl="26" fileid="2" />
                <BranchPoint vc="0" uspid="33" ordinal="1" path="1" offset="286" offsetend="201" sl="33" fileid="2" />
                <BranchPoint vc="0" uspid="33" ordinal="0" path="0" offset="286" offsetend="288" sl="33" fileid="2" />
                <BranchPoint vc="0" uspid="26" ordinal="2" path="0" offset="333" offsetend="338" sl="26" fileid="2" />
                <BranchPoint vc="0" uspid="16" ordinal="4" path="0" offset="376" offsetend="381" sl="16" fileid="2" />
              </BranchPoints>
              <MethodPoint vc="0" uspid="0" p8:type="SequencePoint" ordinal="4" offset="4" sc="0" sl="11" ec="1" el="48" bec="0" bev="0" fileid="2" xmlns:p8="xsi" />
            </Method>
          </Methods>
        </Class>
        <Class>
          <Summary numSequencePoints="7" visitedSequencePoints="0" numBranchPoints="2" visitedBranchPoints="0" sequenceCoverage="0" branchCoverage="0" maxCyclomaticComplexity="2" minCyclomaticComplexity="2" visitedClasses="0" numClasses="1" visitedMethods="0" numMethods="1" />
          <FullName>DataContainer/&lt;storeUpdates&gt;d__9</FullName>
          <Methods>
            <Method cyclomaticComplexity="2" nPathComplexity="2" sequenceCoverage="0" branchCoverage="0" isConstructor="False" isGetter="False" isSetter="False" isStatic="True">
              <Summary numSequencePoints="7" visitedSequencePoints="0" numBranchPoints="2" visitedBranchPoints="0" sequenceCoverage="0" branchCoverage="0" maxCyclomaticComplexity="2" minCyclomaticComplexity="2" visitedClasses="0" numClasses="0" visitedMethods="0" numMethods="1" />
              <MetadataToken />
              <Name>System.Void DataContainer/&lt;storeUpdates&gt;d__9::MoveNext()</Name>
              <FileRef uid="2" />
              <SequencePoints>
                <SequencePoint vc="0" uspid="56" ordinal="0" sl="56" sc="1" el="56" ec="2" bec="0" bev="0" fileid="2" />
                <SequencePoint vc="0" uspid="57" ordinal="1" sl="57" sc="1" el="57" ec="2" bec="0" bev="0" fileid="2" />
                <SequencePoint vc="0" uspid="59" ordinal="2" sl="59" sc="1" el="59" ec="2" bec="2" bev="0" fileid="2" />
                <SequencePoint vc="0" uspid="60" ordinal="3" sl="60" sc="1" el="60" ec="2" bec="0" bev="0" fileid="2" />
                <SequencePoint vc="0" uspid="62" ordinal="4" sl="62" sc="1" el="62" ec="2" bec="0" bev="0" fileid="2" />
                <SequencePoint vc="0" uspid="63" ordinal="5" sl="63" sc="1" el="63" ec="2" bec="0" bev="0" fileid="2" />
                <SequencePoint vc="0" uspid="64" ordinal="6" sl="64" sc="1" el="64" ec="2" bec="0" bev="0" fileid="2" />
              </SequencePoints>
              <BranchPoints>
                <BranchPoint vc="0" uspid="59" ordinal="1" path="1" offset="145" offsetend="50" sl="59" fileid="2" />
                <BranchPoint vc="0" uspid="59" ordinal="0" path="0" offset="145" offsetend="147" sl="59" fileid="2" />
              </BranchPoints>
              <MethodPoint vc="0" uspid="0" p8:type="SequencePoint" ordinal="0" offset="0" sc="0" sl="56" ec="1" el="64" bec="0" bev="0" fileid="2" xmlns:p8="xsi" />
            </Method>
          </Methods>
        </Class>
        <Class>
          <Summary numSequencePoints="39" visitedSequencePoints="0" numBranchPoints="14" visitedBranchPoints="0" sequenceCoverage="0" branchCoverage="0" maxCyclomaticComplexity="14" minCyclomaticComplexity="1" visitedClasses="0" numClasses="1" visitedMethods="0" numMethods="2" />
          <FullName>DataExport</FullName>
          <Methods>
            <Method cyclomaticComplexity="14" nPathComplexity="14" sequenceCoverage="0" branchCoverage="0" isConstructor="False" isGetter="False" isSetter="False" isStatic="True">
              <Summary numSequencePoints="34" visitedSequencePoints="0" numBranchPoints="14" visitedBranchPoints="0" sequenceCoverage="0" branchCoverage="0" maxCyclomaticComplexity="14" minCyclomaticComplexity="14" visitedClasses="0" numClasses="0" visitedMethods="0" numMethods="1" />
              <MetadataToken />
              <Name>System.Void DataExport::ToCSV(System.Collections.Generic.List`1&lt;System.Collections.Generic.List`1&lt;System.Collections.Generic.List`1&lt;System.Double&gt;&gt;&gt;,System.String)</Name>
              <FileRef uid="3" />
              <SequencePoints>
                <SequencePoint vc="0" uspid="32" ordinal="0" sl="32" sc="1" el="32" ec="2" bec="0" bev="0" fileid="3" />
                <SequencePoint vc="0" uspid="33" ordinal="1" sl="33" sc="1" el="33" ec="2" bec="0" bev="0" fileid="3" />
                <SequencePoint vc="0" uspid="34" ordinal="2" sl="34" sc="1" el="34" ec="2" bec="2" bev="0" fileid="3" />
                <SequencePoint vc="0" uspid="35" ordinal="3" sl="35" sc="1" el="35" ec="2" bec="0" bev="0" fileid="3" />
                <SequencePoint vc="0" uspid="39" ordinal="4" sl="39" sc="1" el="39" ec="2" bec="0" bev="0" fileid="3" />
                <SequencePoint vc="0" uspid="40" ordinal="5" sl="40" sc="1" el="40" ec="2" bec="0" bev="0" fileid="3" />
                <SequencePoint vc="0" uspid="42" ordinal="6" sl="42" sc="1" el="42" ec="2" bec="0" bev="0" fileid="3" />
                <SequencePoint vc="0" uspid="43" ordinal="7" sl="43" sc="1" el="43" ec="2" bec="2" bev="0" fileid="3" />
                <SequencePoint vc="0" uspid="44" ordinal="8" sl="44" sc="1" el="44" ec="2" bec="0" bev="0" fileid="3" />
                <SequencePoint vc="0" uspid="45" ordinal="9" sl="45" sc="1" el="45" ec="2" bec="0" bev="0" fileid="3" />
                <SequencePoint vc="0" uspid="46" ordinal="10" sl="46" sc="1" el="46" ec="2" bec="0" bev="0" fileid="3" />
                <SequencePoint vc="0" uspid="47" ordinal="11" sl="47" sc="1" el="47" ec="2" bec="0" bev="0" fileid="3" />
                <SequencePoint vc="0" uspid="50" ordinal="12" sl="50" sc="1" el="50" ec="2" bec="0" bev="0" fileid="3" />
                <SequencePoint vc="0" uspid="51" ordinal="13" sl="51" sc="1" el="51" ec="2" bec="0" bev="0" fileid="3" />
                <SequencePoint vc="0" uspid="52" ordinal="14" sl="52" sc="1" el="52" ec="2" bec="2" bev="0" fileid="3" />
                <SequencePoint vc="0" uspid="53" ordinal="15" sl="53" sc="1" el="53" ec="2" bec="2" bev="0" fileid="3" />
                <SequencePoint vc="0" uspid="54" ordinal="16" sl="54" sc="1" el="54" ec="2" bec="0" bev="0" fileid="3" />
                <SequencePoint vc="0" uspid="55" ordinal="17" sl="55" sc="1" el="55" ec="2" bec="0" bev="0" fileid="3" />
                <SequencePoint vc="0" uspid="56" ordinal="18" sl="56" sc="1" el="56" ec="2" bec="0" bev="0" fileid="3" />
                <SequencePoint vc="0" uspid="58" ordinal="19" sl="58" sc="1" el="58" ec="2" bec="2" bev="0" fileid="3" />
                <SequencePoint vc="0" uspid="59" ordinal="20" sl="59" sc="1" el="59" ec="2" bec="0" bev="0" fileid="3" />
                <SequencePoint vc="0" uspid="61" ordinal="21" sl="61" sc="1" el="61" ec="2" bec="2" bev="0" fileid="3" />
                <SequencePoint vc="0" uspid="62" ordinal="22" sl="62" sc="1" el="62" ec="2" bec="0" bev="0" fileid="3" />
                <SequencePoint vc="0" uspid="63" ordinal="23" sl="63" sc="1" el="63" ec="2" bec="2" bev="0" fileid="3" />
                <SequencePoint vc="0" uspid="64" ordinal="24" sl="64" sc="1" el="64" ec="2" bec="0" bev="0" fileid="3" />
                <SequencePoint vc="0" uspid="67" ordinal="25" sl="67" sc="1" el="67" ec="2" bec="0" bev="0" fileid="3" />
                <SequencePoint vc="0" uspid="68" ordinal="26" sl="68" sc="1" el="68" ec="2" bec="0" bev="0" fileid="3" />
                <SequencePoint vc="0" uspid="69" ordinal="27" sl="69" sc="1" el="69" ec="2" bec="0" bev="0" fileid="3" />
                <SequencePoint vc="0" uspid="70" ordinal="28" sl="70" sc="1" el="70" ec="2" bec="0" bev="0" fileid="3" />
                <SequencePoint vc="0" uspid="71" ordinal="29" sl="71" sc="1" el="71" ec="2" bec="0" bev="0" fileid="3" />
                <SequencePoint vc="0" uspid="72" ordinal="30" sl="72" sc="1" el="72" ec="2" bec="0" bev="0" fileid="3" />
                <SequencePoint vc="0" uspid="75" ordinal="31" sl="75" sc="1" el="75" ec="2" bec="0" bev="0" fileid="3" />
                <SequencePoint vc="0" uspid="76" ordinal="32" sl="76" sc="1" el="76" ec="2" bec="0" bev="0" fileid="3" />
                <SequencePoint vc="0" uspid="77" ordinal="33" sl="77" sc="1" el="77" ec="2" bec="0" bev="0" fileid="3" />
              </SequencePoints>
              <BranchPoints>
                <BranchPoint vc="0" uspid="34" ordinal="13" path="1" offset="464" offsetend="21" sl="34" fileid="3" />
                <BranchPoint vc="0" uspid="43" ordinal="1" path="1" offset="174" offsetend="137" sl="43" fileid="3" />
                <BranchPoint vc="0" uspid="43" ordinal="0" path="0" offset="174" offsetend="176" sl="43" fileid="3" />
                <BranchPoint vc="0" uspid="52" ordinal="5" path="1" offset="294" offsetend="229" sl="52" fileid="3" />
                <BranchPoint vc="0" uspid="53" ordinal="2" path="0" offset="252" offsetend="254" sl="53" fileid="3" />
                <BranchPoint vc="0" uspid="53" ordinal="3" path="1" offset="252" offsetend="272" sl="53" fileid="3" />
                <BranchPoint vc="0" uspid="52" ordinal="4" path="0" offset="294" offsetend="296" sl="52" fileid="3" />
                <BranchPoint vc="0" uspid="58" ordinal="11" path="1" offset="433" offsetend="301" sl="58" fileid="3" />
                <BranchPoint vc="0" uspid="61" ordinal="9" path="1" offset="390" offsetend="314" sl="61" fileid="3" />
                <BranchPoint vc="0" uspid="63" ordinal="6" path="0" offset="342" offsetend="344" sl="63" fileid="3" />
                <BranchPoint vc="0" uspid="63" ordinal="7" path="1" offset="342" offsetend="347" sl="63" fileid="3" />
                <BranchPoint vc="0" uspid="61" ordinal="8" path="0" offset="390" offsetend="392" sl="61" fileid="3" />
                <BranchPoint vc="0" uspid="58" ordinal="10" path="0" offset="433" offsetend="438" sl="58" fileid="3" />
                <BranchPoint vc="0" uspid="34" ordinal="12" path="0" offset="464" offsetend="469" sl="34" fileid="3" />
              </BranchPoints>
              <MethodPoint vc="0" uspid="0" p8:type="SequencePoint" ordinal="0" offset="0" sc="0" sl="32" ec="1" el="77" bec="0" bev="0" fileid="3" xmlns:p8="xsi" />
            </Method>
            <Method cyclomaticComplexity="1" nPathComplexity="1" sequenceCoverage="0" branchCoverage="100" isConstructor="True" isGetter="False" isSetter="False" isStatic="True">
              <Summary numSequencePoints="5" visitedSequencePoints="0" numBranchPoints="0" visitedBranchPoints="0" sequenceCoverage="0" branchCoverage="100" maxCyclomaticComplexity="1" minCyclomaticComplexity="1" visitedClasses="0" numClasses="0" visitedMethods="0" numMethods="1" />
              <MetadataToken />
              <Name>System.Void DataExport::.ctor(DataImport)</Name>
              <FileRef uid="3" />
              <SequencePoints>
                <SequencePoint vc="0" uspid="17" ordinal="0" sl="17" sc="1" el="17" ec="2" bec="0" bev="0" fileid="3" />
                <SequencePoint vc="0" uspid="18" ordinal="1" sl="18" sc="1" el="18" ec="2" bec="0" bev="0" fileid="3" />
                <SequencePoint vc="0" uspid="19" ordinal="2" sl="19" sc="1" el="19" ec="2" bec="0" bev="0" fileid="3" />
                <SequencePoint vc="0" uspid="20" ordinal="3" sl="20" sc="1" el="20" ec="2" bec="0" bev="0" fileid="3" />
                <SequencePoint vc="0" uspid="21" ordinal="4" sl="21" sc="1" el="21" ec="2" bec="0" bev="0" fileid="3" />
              </SequencePoints>
              <BranchPoints />
              <MethodPoint vc="0" uspid="0" p8:type="SequencePoint" ordinal="1" offset="1" sc="0" sl="17" ec="1" el="21" bec="0" bev="0" fileid="3" xmlns:p8="xsi" />
            </Method>
          </Methods>
        </Class>
        <Class>
          <Summary numSequencePoints="232" visitedSequencePoints="0" numBranchPoints="66" visitedBranchPoints="0" sequenceCoverage="0" branchCoverage="0" maxCyclomaticComplexity="26" minCyclomaticComplexity="1" visitedClasses="0" numClasses="1" visitedMethods="0" numMethods="8" />
          <FullName>DataImport</FullName>
          <Methods>
            <Method cyclomaticComplexity="2" nPathComplexity="2" sequenceCoverage="0" branchCoverage="0" isConstructor="False" isGetter="False" isSetter="False" isStatic="True">
              <Summary numSequencePoints="38" visitedSequencePoints="0" numBranchPoints="2" visitedBranchPoints="0" sequenceCoverage="0" branchCoverage="0" maxCyclomaticComplexity="2" minCyclomaticComplexity="2" visitedClasses="0" numClasses="0" visitedMethods="0" numMethods="1" />
              <MetadataToken />
              <Name>System.Collections.Generic.List`1&lt;System.Collections.Generic.List`1&lt;System.Collections.Generic.List`1&lt;System.Double&gt;&gt;&gt; DataImport::GenerateTestData()</Name>
              <FileRef uid="4" />
              <SequencePoints>
                <SequencePoint vc="0" uspid="57" ordinal="0" sl="57" sc="1" el="57" ec="2" bec="0" bev="0" fileid="4" />
                <SequencePoint vc="0" uspid="59" ordinal="1" sl="59" sc="1" el="59" ec="2" bec="0" bev="0" fileid="4" />
                <SequencePoint vc="0" uspid="60" ordinal="2" sl="60" sc="1" el="60" ec="2" bec="0" bev="0" fileid="4" />
                <SequencePoint vc="0" uspid="61" ordinal="3" sl="61" sc="1" el="61" ec="2" bec="0" bev="0" fileid="4" />
                <SequencePoint vc="0" uspid="62" ordinal="4" sl="62" sc="1" el="62" ec="2" bec="0" bev="0" fileid="4" />
                <SequencePoint vc="0" uspid="63" ordinal="5" sl="63" sc="1" el="63" ec="2" bec="0" bev="0" fileid="4" />
                <SequencePoint vc="0" uspid="64" ordinal="6" sl="64" sc="1" el="64" ec="2" bec="0" bev="0" fileid="4" />
                <SequencePoint vc="0" uspid="65" ordinal="7" sl="65" sc="1" el="65" ec="2" bec="0" bev="0" fileid="4" />
                <SequencePoint vc="0" uspid="66" ordinal="8" sl="66" sc="1" el="66" ec="2" bec="0" bev="0" fileid="4" />
                <SequencePoint vc="0" uspid="67" ordinal="9" sl="67" sc="1" el="67" ec="2" bec="0" bev="0" fileid="4" />
                <SequencePoint vc="0" uspid="68" ordinal="10" sl="68" sc="1" el="68" ec="2" bec="0" bev="0" fileid="4" />
                <SequencePoint vc="0" uspid="69" ordinal="11" sl="69" sc="1" el="69" ec="2" bec="0" bev="0" fileid="4" />
                <SequencePoint vc="0" uspid="72" ordinal="12" sl="72" sc="1" el="72" ec="2" bec="0" bev="0" fileid="4" />
                <SequencePoint vc="0" uspid="73" ordinal="13" sl="73" sc="1" el="73" ec="2" bec="0" bev="0" fileid="4" />
                <SequencePoint vc="0" uspid="74" ordinal="14" sl="74" sc="1" el="74" ec="2" bec="2" bev="0" fileid="4" />
                <SequencePoint vc="0" uspid="75" ordinal="15" sl="75" sc="1" el="75" ec="2" bec="0" bev="0" fileid="4" />
                <SequencePoint vc="0" uspid="76" ordinal="16" sl="76" sc="1" el="76" ec="2" bec="0" bev="0" fileid="4" />
                <SequencePoint vc="0" uspid="77" ordinal="17" sl="77" sc="1" el="77" ec="2" bec="0" bev="0" fileid="4" />
                <SequencePoint vc="0" uspid="78" ordinal="18" sl="78" sc="1" el="78" ec="2" bec="0" bev="0" fileid="4" />
                <SequencePoint vc="0" uspid="79" ordinal="19" sl="79" sc="1" el="79" ec="2" bec="0" bev="0" fileid="4" />
                <SequencePoint vc="0" uspid="80" ordinal="20" sl="80" sc="1" el="80" ec="2" bec="0" bev="0" fileid="4" />
                <SequencePoint vc="0" uspid="81" ordinal="21" sl="81" sc="1" el="81" ec="2" bec="0" bev="0" fileid="4" />
                <SequencePoint vc="0" uspid="82" ordinal="22" sl="82" sc="1" el="82" ec="2" bec="0" bev="0" fileid="4" />
                <SequencePoint vc="0" uspid="83" ordinal="23" sl="83" sc="1" el="83" ec="2" bec="0" bev="0" fileid="4" />
                <SequencePoint vc="0" uspid="84" ordinal="24" sl="84" sc="1" el="84" ec="2" bec="0" bev="0" fileid="4" />
                <SequencePoint vc="0" uspid="85" ordinal="25" sl="85" sc="1" el="85" ec="2" bec="0" bev="0" fileid="4" />
                <SequencePoint vc="0" uspid="86" ordinal="26" sl="86" sc="1" el="86" ec="2" bec="0" bev="0" fileid="4" />
                <SequencePoint vc="0" uspid="87" ordinal="27" sl="87" sc="1" el="87" ec="2" bec="0" bev="0" fileid="4" />
                <SequencePoint vc="0" uspid="88" ordinal="28" sl="88" sc="1" el="88" ec="2" bec="0" bev="0" fileid="4" />
                <SequencePoint vc="0" uspid="89" ordinal="29" sl="89" sc="1" el="89" ec="2" bec="0" bev="0" fileid="4" />
                <SequencePoint vc="0" uspid="90" ordinal="30" sl="90" sc="1" el="90" ec="2" bec="0" bev="0" fileid="4" />
                <SequencePoint vc="0" uspid="93" ordinal="31" sl="93" sc="1" el="93" ec="2" bec="0" bev="0" fileid="4" />
                <SequencePoint vc="0" uspid="94" ordinal="32" sl="94" sc="1" el="94" ec="2" bec="0" bev="0" fileid="4" />
                <SequencePoint vc="0" uspid="95" ordinal="33" sl="95" sc="1" el="95" ec="2" bec="0" bev="0" fileid="4" />
                <SequencePoint vc="0" uspid="96" ordinal="34" sl="96" sc="1" el="96" ec="2" bec="0" bev="0" fileid="4" />
                <SequencePoint vc="0" uspid="97" ordinal="35" sl="97" sc="1" el="97" ec="2" bec="0" bev="0" fileid="4" />
                <SequencePoint vc="0" uspid="98" ordinal="36" sl="98" sc="1" el="98" ec="2" bec="0" bev="0" fileid="4" />
                <SequencePoint vc="0" uspid="99" ordinal="37" sl="99" sc="1" el="99" ec="2" bec="0" bev="0" fileid="4" />
              </SequencePoints>
              <BranchPoints>
                <BranchPoint vc="0" uspid="74" ordinal="1" path="1" offset="290" offsetend="102" sl="74" fileid="4" />
                <BranchPoint vc="0" uspid="74" ordinal="0" path="0" offset="290" offsetend="295" sl="74" fileid="4" />
              </BranchPoints>
              <MethodPoint vc="0" uspid="0" p8:type="SequencePoint" ordinal="0" offset="0" sc="0" sl="57" ec="1" el="99" bec="0" bev="0" fileid="4" xmlns:p8="xsi" />
            </Method>
            <Method cyclomaticComplexity="26" nPathComplexity="26" sequenceCoverage="0" branchCoverage="0" isConstructor="False" isGetter="False" isSetter="False" isStatic="True">
              <Summary numSequencePoints="46" visitedSequencePoints="0" numBranchPoints="26" visitedBranchPoints="0" sequenceCoverage="0" branchCoverage="0" maxCyclomaticComplexity="26" minCyclomaticComplexity="26" visitedClasses="0" numClasses="0" visitedMethods="0" numMethods="1" />
              <MetadataToken />
              <Name>System.Collections.Generic.List`1&lt;System.Collections.Generic.List`1&lt;System.Collections.Generic.List`1&lt;System.Double&gt;&gt;&gt; DataImport::FromRobot(System.String,System.String)</Name>
              <FileRef uid="4" />
              <SequencePoints>
                <SequencePoint vc="0" uspid="102" ordinal="0" sl="102" sc="1" el="102" ec="2" bec="0" bev="0" fileid="4" />
                <SequencePoint vc="0" uspid="103" ordinal="1" sl="103" sc="1" el="103" ec="2" bec="0" bev="0" fileid="4" />
                <SequencePoint vc="0" uspid="104" ordinal="2" sl="104" sc="1" el="104" ec="2" bec="0" bev="0" fileid="4" />
                <SequencePoint vc="0" uspid="105" ordinal="3" sl="105" sc="1" el="105" ec="2" bec="0" bev="0" fileid="4" />
                <SequencePoint vc="0" uspid="107" ordinal="4" sl="107" sc="1" el="107" ec="2" bec="0" bev="0" fileid="4" />
                <SequencePoint vc="0" uspid="108" ordinal="5" sl="108" sc="1" el="108" ec="2" bec="0" bev="0" fileid="4" />
                <SequencePoint vc="0" uspid="109" ordinal="6" sl="109" sc="1" el="109" ec="2" bec="0" bev="0" fileid="4" />
                <SequencePoint vc="0" uspid="110" ordinal="7" sl="110" sc="1" el="110" ec="2" bec="0" bev="0" fileid="4" />
                <SequencePoint vc="0" uspid="111" ordinal="8" sl="111" sc="1" el="111" ec="2" bec="0" bev="0" fileid="4" />
                <SequencePoint vc="0" uspid="113" ordinal="9" sl="113" sc="1" el="113" ec="2" bec="0" bev="0" fileid="4" />
                <SequencePoint vc="0" uspid="114" ordinal="10" sl="114" sc="1" el="114" ec="2" bec="2" bev="0" fileid="4" />
                <SequencePoint vc="0" uspid="115" ordinal="11" sl="115" sc="1" el="115" ec="2" bec="0" bev="0" fileid="4" />
                <SequencePoint vc="0" uspid="116" ordinal="12" sl="116" sc="1" el="116" ec="2" bec="4" bev="0" fileid="4" />
                <SequencePoint vc="0" uspid="117" ordinal="13" sl="117" sc="1" el="117" ec="2" bec="0" bev="0" fileid="4" />
                <SequencePoint vc="0" uspid="119" ordinal="14" sl="119" sc="1" el="119" ec="2" bec="2" bev="0" fileid="4" />
                <SequencePoint vc="0" uspid="120" ordinal="15" sl="120" sc="1" el="120" ec="2" bec="0" bev="0" fileid="4" />
                <SequencePoint vc="0" uspid="122" ordinal="16" sl="122" sc="1" el="122" ec="2" bec="4" bev="0" fileid="4" />
                <SequencePoint vc="0" uspid="123" ordinal="17" sl="123" sc="1" el="123" ec="2" bec="0" bev="0" fileid="4" />
                <SequencePoint vc="0" uspid="126" ordinal="18" sl="126" sc="1" el="126" ec="2" bec="0" bev="0" fileid="4" />
                <SequencePoint vc="0" uspid="127" ordinal="19" sl="127" sc="1" el="127" ec="2" bec="4" bev="0" fileid="4" />
                <SequencePoint vc="0" uspid="128" ordinal="20" sl="128" sc="1" el="128" ec="2" bec="0" bev="0" fileid="4" />
                <SequencePoint vc="0" uspid="129" ordinal="21" sl="129" sc="1" el="129" ec="2" bec="0" bev="0" fileid="4" />
                <SequencePoint vc="0" uspid="131" ordinal="22" sl="131" sc="1" el="131" ec="2" bec="0" bev="0" fileid="4" />
                <SequencePoint vc="0" uspid="133" ordinal="23" sl="133" sc="1" el="133" ec="2" bec="0" bev="0" fileid="4" />
                <SequencePoint vc="0" uspid="134" ordinal="24" sl="134" sc="1" el="134" ec="2" bec="2" bev="0" fileid="4" />
                <SequencePoint vc="0" uspid="135" ordinal="25" sl="135" sc="1" el="135" ec="2" bec="0" bev="0" fileid="4" />
                <SequencePoint vc="0" uspid="136" ordinal="26" sl="136" sc="1" el="136" ec="2" bec="0" bev="0" fileid="4" />
                <SequencePoint vc="0" uspid="137" ordinal="27" sl="137" sc="1" el="137" ec="2" bec="4" bev="0" fileid="4" />
                <SequencePoint vc="0" uspid="138" ordinal="28" sl="138" sc="1" el="138" ec="2" bec="0" bev="0" fileid="4" />
                <SequencePoint vc="0" uspid="139" ordinal="29" sl="139" sc="1" el="139" ec="2" bec="0" bev="0" fileid="4" />
                <SequencePoint vc="0" uspid="141" ordinal="30" sl="141" sc="1" el="141" ec="2" bec="0" bev="0" fileid="4" />
                <SequencePoint vc="0" uspid="143" ordinal="31" sl="143" sc="1" el="143" ec="2" bec="0" bev="0" fileid="4" />
                <SequencePoint vc="0" uspid="144" ordinal="32" sl="144" sc="1" el="144" ec="2" bec="0" bev="0" fileid="4" />
                <SequencePoint vc="0" uspid="145" ordinal="33" sl="145" sc="1" el="145" ec="2" bec="0" bev="0" fileid="4" />
                <SequencePoint vc="0" uspid="147" ordinal="34" sl="147" sc="1" el="147" ec="2" bec="2" bev="0" fileid="4" />
                <SequencePoint vc="0" uspid="148" ordinal="35" sl="148" sc="1" el="148" ec="2" bec="0" bev="0" fileid="4" />
                <SequencePoint vc="0" uspid="149" ordinal="36" sl="149" sc="1" el="149" ec="2" bec="0" bev="0" fileid="4" />
                <SequencePoint vc="0" uspid="150" ordinal="37" sl="150" sc="1" el="150" ec="2" bec="2" bev="0" fileid="4" />
                <SequencePoint vc="0" uspid="151" ordinal="38" sl="151" sc="1" el="151" ec="2" bec="0" bev="0" fileid="4" />
                <SequencePoint vc="0" uspid="152" ordinal="39" sl="152" sc="1" el="152" ec="2" bec="0" bev="0" fileid="4" />
                <SequencePoint vc="0" uspid="154" ordinal="40" sl="154" sc="1" el="154" ec="2" bec="0" bev="0" fileid="4" />
                <SequencePoint vc="0" uspid="155" ordinal="41" sl="155" sc="1" el="155" ec="2" bec="0" bev="0" fileid="4" />
                <SequencePoint vc="0" uspid="157" ordinal="42" sl="157" sc="1" el="157" ec="2" bec="0" bev="0" fileid="4" />
                <SequencePoint vc="0" uspid="158" ordinal="43" sl="158" sc="1" el="158" ec="2" bec="0" bev="0" fileid="4" />
                <SequencePoint vc="0" uspid="159" ordinal="44" sl="159" sc="1" el="159" ec="2" bec="0" bev="0" fileid="4" />
                <SequencePoint vc="0" uspid="160" ordinal="45" sl="160" sc="1" el="160" ec="2" bec="0" bev="0" fileid="4" />
              </SequencePoints>
              <BranchPoints>
                <BranchPoint vc="0" uspid="114" ordinal="25" path="1" offset="527" offsetend="66" sl="114" fileid="4" />
                <BranchPoint vc="0" uspid="116" ordinal="0" path="0" offset="79" offsetend="81" sl="116" fileid="4" />
                <BranchPoint vc="0" uspid="116" ordinal="1" path="1" offset="79" offsetend="95" sl="116" fileid="4" />
                <BranchPoint vc="0" uspid="116" ordinal="2" path="0" offset="100" offsetend="102" sl="116" fileid="4" />
                <BranchPoint vc="0" uspid="116" ordinal="3" path="1" offset="100" offsetend="108" sl="116" fileid="4" />
                <BranchPoint vc="0" uspid="119" ordinal="4" path="0" offset="124" offsetend="126" sl="119" fileid="4" />
                <BranchPoint vc="0" uspid="119" ordinal="5" path="1" offset="124" offsetend="132" sl="119" fileid="4" />
                <BranchPoint vc="0" uspid="122" ordinal="6" path="0" offset="144" offsetend="146" sl="122" fileid="4" />
                <BranchPoint vc="0" uspid="122" ordinal="7" path="1" offset="144" offsetend="160" sl="122" fileid="4" />
                <BranchPoint vc="0" uspid="122" ordinal="8" path="0" offset="165" offsetend="167" sl="122" fileid="4" />
                <BranchPoint vc="0" uspid="122" ordinal="9" path="1" offset="165" offsetend="173" sl="122" fileid="4" />
                <BranchPoint vc="0" uspid="127" ordinal="10" path="0" offset="200" offsetend="202" sl="127" fileid="4" />
                <BranchPoint vc="0" uspid="127" ordinal="11" path="1" offset="200" offsetend="215" sl="127" fileid="4" />
                <BranchPoint vc="0" uspid="127" ordinal="12" path="0" offset="220" offsetend="222" sl="127" fileid="4" />
                <BranchPoint vc="0" uspid="127" ordinal="13" path="1" offset="220" offsetend="233" sl="127" fileid="4" />
                <BranchPoint vc="0" uspid="134" ordinal="14" path="0" offset="276" offsetend="278" sl="134" fileid="4" />
                <BranchPoint vc="0" uspid="134" ordinal="15" path="1" offset="276" offsetend="292" sl="134" fileid="4" />
                <BranchPoint vc="0" uspid="137" ordinal="16" path="0" offset="305" offsetend="307" sl="137" fileid="4" />
                <BranchPoint vc="0" uspid="137" ordinal="17" path="1" offset="305" offsetend="327" sl="137" fileid="4" />
                <BranchPoint vc="0" uspid="137" ordinal="18" path="0" offset="332" offsetend="334" sl="137" fileid="4" />
                <BranchPoint vc="0" uspid="137" ordinal="19" path="1" offset="332" offsetend="352" sl="137" fileid="4" />
                <BranchPoint vc="0" uspid="147" ordinal="20" path="0" offset="424" offsetend="426" sl="147" fileid="4" />
                <BranchPoint vc="0" uspid="147" ordinal="21" path="1" offset="424" offsetend="440" sl="147" fileid="4" />
                <BranchPoint vc="0" uspid="150" ordinal="22" path="0" offset="463" offsetend="465" sl="150" fileid="4" />
                <BranchPoint vc="0" uspid="150" ordinal="23" path="1" offset="463" offsetend="486" sl="150" fileid="4" />
                <BranchPoint vc="0" uspid="114" ordinal="24" path="0" offset="527" offsetend="532" sl="114" fileid="4" />
              </BranchPoints>
              <MethodPoint vc="0" uspid="0" p8:type="SequencePoint" ordinal="1" offset="1" sc="0" sl="102" ec="1" el="160" bec="0" bev="0" fileid="4" xmlns:p8="xsi" />
            </Method>
            <Method cyclomaticComplexity="16" nPathComplexity="16" sequenceCoverage="0" branchCoverage="0" isConstructor="False" isGetter="False" isSetter="False" isStatic="True">
              <Summary numSequencePoints="54" visitedSequencePoints="0" numBranchPoints="16" visitedBranchPoints="0" sequenceCoverage="0" branchCoverage="0" maxCyclomaticComplexity="16" minCyclomaticComplexity="16" visitedClasses="0" numClasses="0" visitedMethods="0" numMethods="1" />
              <MetadataToken />
              <Name>System.Collections.Generic.List`1&lt;System.Collections.Generic.List`1&lt;System.Collections.Generic.List`1&lt;System.Double&gt;&gt;&gt; DataImport::FromCSV(System.String,System.String)</Name>
              <FileRef uid="4" />
              <SequencePoints>
                <SequencePoint vc="0" uspid="171" ordinal="0" sl="171" sc="1" el="171" ec="2" bec="0" bev="0" fileid="4" />
                <SequencePoint vc="0" uspid="172" ordinal="1" sl="172" sc="1" el="172" ec="2" bec="0" bev="0" fileid="4" />
                <SequencePoint vc="0" uspid="175" ordinal="2" sl="175" sc="1" el="175" ec="2" bec="0" bev="0" fileid="4" />
                <SequencePoint vc="0" uspid="176" ordinal="3" sl="176" sc="1" el="176" ec="2" bec="0" bev="0" fileid="4" />
                <SequencePoint vc="0" uspid="178" ordinal="4" sl="178" sc="1" el="178" ec="2" bec="0" bev="0" fileid="4" />
                <SequencePoint vc="0" uspid="179" ordinal="5" sl="179" sc="1" el="179" ec="2" bec="2" bev="0" fileid="4" />
                <SequencePoint vc="0" uspid="180" ordinal="6" sl="180" sc="1" el="180" ec="2" bec="2" bev="0" fileid="4" />
                <SequencePoint vc="0" uspid="181" ordinal="7" sl="181" sc="1" el="181" ec="2" bec="0" bev="0" fileid="4" />
                <SequencePoint vc="0" uspid="182" ordinal="8" sl="182" sc="1" el="182" ec="2" bec="0" bev="0" fileid="4" />
                <SequencePoint vc="0" uspid="183" ordinal="9" sl="183" sc="1" el="183" ec="2" bec="0" bev="0" fileid="4" />
                <SequencePoint vc="0" uspid="184" ordinal="10" sl="184" sc="1" el="184" ec="2" bec="0" bev="0" fileid="4" />
                <SequencePoint vc="0" uspid="185" ordinal="11" sl="185" sc="1" el="185" ec="2" bec="2" bev="0" fileid="4" />
                <SequencePoint vc="0" uspid="186" ordinal="12" sl="186" sc="1" el="186" ec="2" bec="0" bev="0" fileid="4" />
                <SequencePoint vc="0" uspid="187" ordinal="13" sl="187" sc="1" el="187" ec="2" bec="0" bev="0" fileid="4" />
                <SequencePoint vc="0" uspid="188" ordinal="14" sl="188" sc="1" el="188" ec="2" bec="0" bev="0" fileid="4" />
                <SequencePoint vc="0" uspid="189" ordinal="15" sl="189" sc="1" el="189" ec="2" bec="0" bev="0" fileid="4" />
                <SequencePoint vc="0" uspid="192" ordinal="16" sl="192" sc="1" el="192" ec="2" bec="0" bev="0" fileid="4" />
                <SequencePoint vc="0" uspid="193" ordinal="17" sl="193" sc="1" el="193" ec="2" bec="0" bev="0" fileid="4" />
                <SequencePoint vc="0" uspid="194" ordinal="18" sl="194" sc="1" el="194" ec="2" bec="0" bev="0" fileid="4" />
                <SequencePoint vc="0" uspid="196" ordinal="19" sl="196" sc="1" el="196" ec="2" bec="2" bev="0" fileid="4" />
                <SequencePoint vc="0" uspid="197" ordinal="20" sl="197" sc="1" el="197" ec="2" bec="0" bev="0" fileid="4" />
                <SequencePoint vc="0" uspid="198" ordinal="21" sl="198" sc="1" el="198" ec="2" bec="0" bev="0" fileid="4" />
                <SequencePoint vc="0" uspid="199" ordinal="22" sl="199" sc="1" el="199" ec="2" bec="0" bev="0" fileid="4" />
                <SequencePoint vc="0" uspid="200" ordinal="23" sl="200" sc="1" el="200" ec="2" bec="2" bev="0" fileid="4" />
                <SequencePoint vc="0" uspid="202" ordinal="24" sl="202" sc="1" el="202" ec="2" bec="0" bev="0" fileid="4" />
                <SequencePoint vc="0" uspid="203" ordinal="25" sl="203" sc="1" el="203" ec="2" bec="0" bev="0" fileid="4" />
                <SequencePoint vc="0" uspid="204" ordinal="26" sl="204" sc="1" el="204" ec="2" bec="0" bev="0" fileid="4" />
                <SequencePoint vc="0" uspid="206" ordinal="27" sl="206" sc="1" el="206" ec="2" bec="0" bev="0" fileid="4" />
                <SequencePoint vc="0" uspid="207" ordinal="28" sl="207" sc="1" el="207" ec="2" bec="0" bev="0" fileid="4" />
                <SequencePoint vc="0" uspid="208" ordinal="29" sl="208" sc="1" el="208" ec="2" bec="0" bev="0" fileid="4" />
                <SequencePoint vc="0" uspid="209" ordinal="30" sl="209" sc="1" el="209" ec="2" bec="0" bev="0" fileid="4" />
                <SequencePoint vc="0" uspid="210" ordinal="31" sl="210" sc="1" el="210" ec="2" bec="0" bev="0" fileid="4" />
                <SequencePoint vc="0" uspid="212" ordinal="32" sl="212" sc="1" el="212" ec="2" bec="0" bev="0" fileid="4" />
                <SequencePoint vc="0" uspid="213" ordinal="33" sl="213" sc="1" el="213" ec="2" bec="0" bev="0" fileid="4" />
                <SequencePoint vc="0" uspid="214" ordinal="34" sl="214" sc="1" el="214" ec="2" bec="2" bev="0" fileid="4" />
                <SequencePoint vc="0" uspid="216" ordinal="35" sl="216" sc="1" el="216" ec="2" bec="2" bev="0" fileid="4" />
                <SequencePoint vc="0" uspid="217" ordinal="36" sl="217" sc="1" el="217" ec="2" bec="0" bev="0" fileid="4" />
                <SequencePoint vc="0" uspid="218" ordinal="37" sl="218" sc="1" el="218" ec="2" bec="0" bev="0" fileid="4" />
                <SequencePoint vc="0" uspid="220" ordinal="38" sl="220" sc="1" el="220" ec="2" bec="0" bev="0" fileid="4" />
                <SequencePoint vc="0" uspid="221" ordinal="39" sl="221" sc="1" el="221" ec="2" bec="2" bev="0" fileid="4" />
                <SequencePoint vc="0" uspid="222" ordinal="40" sl="222" sc="1" el="222" ec="2" bec="0" bev="0" fileid="4" />
                <SequencePoint vc="0" uspid="224" ordinal="41" sl="224" sc="1" el="224" ec="2" bec="0" bev="0" fileid="4" />
                <SequencePoint vc="0" uspid="225" ordinal="42" sl="225" sc="1" el="225" ec="2" bec="0" bev="0" fileid="4" />
                <SequencePoint vc="0" uspid="226" ordinal="43" sl="226" sc="1" el="226" ec="2" bec="0" bev="0" fileid="4" />
                <SequencePoint vc="0" uspid="227" ordinal="44" sl="227" sc="1" el="227" ec="2" bec="0" bev="0" fileid="4" />
                <SequencePoint vc="0" uspid="228" ordinal="45" sl="228" sc="1" el="228" ec="2" bec="0" bev="0" fileid="4" />
                <SequencePoint vc="0" uspid="229" ordinal="46" sl="229" sc="1" el="229" ec="2" bec="0" bev="0" fileid="4" />
                <SequencePoint vc="0" uspid="230" ordinal="47" sl="230" sc="1" el="230" ec="2" bec="0" bev="0" fileid="4" />
                <SequencePoint vc="0" uspid="231" ordinal="48" sl="231" sc="1" el="231" ec="2" bec="0" bev="0" fileid="4" />
                <SequencePoint vc="0" uspid="232" ordinal="49" sl="232" sc="1" el="232" ec="2" bec="0" bev="0" fileid="4" />
                <SequencePoint vc="0" uspid="234" ordinal="50" sl="234" sc="1" el="234" ec="2" bec="0" bev="0" fileid="4" />
                <SequencePoint vc="0" uspid="235" ordinal="51" sl="235" sc="1" el="235" ec="2" bec="0" bev="0" fileid="4" />
                <SequencePoint vc="0" uspid="236" ordinal="52" sl="236" sc="1" el="236" ec="2" bec="0" bev="0" fileid="4" />
                <SequencePoint vc="0" uspid="237" ordinal="53" sl="237" sc="1" el="237" ec="2" bec="0" bev="0" fileid="4" />
              </SequencePoints>
              <BranchPoints>
                <BranchPoint vc="0" uspid="179" ordinal="5" path="1" offset="229" offsetend="84" sl="179" fileid="4" />
                <BranchPoint vc="0" uspid="180" ordinal="3" path="1" offset="211" offsetend="94" sl="180" fileid="4" />
                <BranchPoint vc="0" uspid="185" ordinal="0" path="0" offset="188" offsetend="190" sl="185" fileid="4" />
                <BranchPoint vc="0" uspid="185" ordinal="1" path="1" offset="188" offsetend="198" sl="185" fileid="4" />
                <BranchPoint vc="0" uspid="180" ordinal="2" path="0" offset="211" offsetend="213" sl="180" fileid="4" />
                <BranchPoint vc="0" uspid="179" ordinal="4" path="0" offset="229" offsetend="234" sl="179" fileid="4" />
                <BranchPoint vc="0" uspid="196" ordinal="15" path="1" offset="641" offsetend="266" sl="196" fileid="4" />
                <BranchPoint vc="0" uspid="200" ordinal="6" path="0" offset="337" offsetend="342" sl="200" fileid="4" />
                <BranchPoint vc="0" uspid="214" ordinal="9" path="1" offset="496" offsetend="462" sl="214" fileid="4" />
                <BranchPoint vc="0" uspid="216" ordinal="13" path="1" offset="599" offsetend="500" sl="216" fileid="4" />
                <BranchPoint vc="0" uspid="221" ordinal="11" path="1" offset="579" offsetend="526" sl="221" fileid="4" />
                <BranchPoint vc="0" uspid="221" ordinal="10" path="0" offset="579" offsetend="581" sl="221" fileid="4" />
                <BranchPoint vc="0" uspid="214" ordinal="8" path="0" offset="496" offsetend="582" sl="214" fileid="4" />
                <BranchPoint vc="0" uspid="216" ordinal="12" path="0" offset="599" offsetend="601" sl="216" fileid="4" />
                <BranchPoint vc="0" uspid="200" ordinal="7" path="1" offset="337" offsetend="628" sl="200" fileid="4" />
                <BranchPoint vc="0" uspid="196" ordinal="14" path="0" offset="641" offsetend="646" sl="196" fileid="4" />
              </BranchPoints>
              <MethodPoint vc="0" uspid="0" p8:type="SequencePoint" ordinal="2" offset="2" sc="0" sl="171" ec="1" el="237" bec="0" bev="0" fileid="4" xmlns:p8="xsi" />
            </Method>
            <Method cyclomaticComplexity="14" nPathComplexity="14" sequenceCoverage="0" branchCoverage="0" isConstructor="False" isGetter="False" isSetter="False" isStatic="True">
              <Summary numSequencePoints="46" visitedSequencePoints="0" numBranchPoints="14" visitedBranchPoints="0" sequenceCoverage="0" branchCoverage="0" maxCyclomaticComplexity="14" minCyclomaticComplexity="14" visitedClasses="0" numClasses="0" visitedMethods="0" numMethods="1" />
              <MetadataToken />
              <Name>System.Void DataImport::StoreRawData(System.Collections.Generic.List`1&lt;System.Collections.Generic.List`1&lt;System.Collections.Generic.List`1&lt;System.Double&gt;&gt;&gt;,FRC_App.Models.User)</Name>
              <FileRef uid="4" />
              <SequencePoints>
                <SequencePoint vc="0" uspid="249" ordinal="0" sl="249" sc="1" el="249" ec="2" bec="0" bev="0" fileid="4" />
                <SequencePoint vc="0" uspid="250" ordinal="1" sl="250" sc="1" el="250" ec="2" bec="0" bev="0" fileid="4" />
                <SequencePoint vc="0" uspid="251" ordinal="2" sl="251" sc="1" el="251" ec="2" bec="2" bev="0" fileid="4" />
                <SequencePoint vc="0" uspid="252" ordinal="3" sl="252" sc="1" el="252" ec="2" bec="0" bev="0" fileid="4" />
                <SequencePoint vc="0" uspid="253" ordinal="4" sl="253" sc="1" el="253" ec="2" bec="0" bev="0" fileid="4" />
                <SequencePoint vc="0" uspid="254" ordinal="5" sl="254" sc="1" el="254" ec="2" bec="0" bev="0" fileid="4" />
                <SequencePoint vc="0" uspid="255" ordinal="6" sl="255" sc="1" el="255" ec="2" bec="0" bev="0" fileid="4" />
                <SequencePoint vc="0" uspid="258" ordinal="7" sl="258" sc="1" el="258" ec="2" bec="0" bev="0" fileid="4" />
                <SequencePoint vc="0" uspid="259" ordinal="8" sl="259" sc="1" el="259" ec="2" bec="2" bev="0" fileid="4" />
                <SequencePoint vc="0" uspid="260" ordinal="9" sl="260" sc="1" el="260" ec="2" bec="0" bev="0" fileid="4" />
                <SequencePoint vc="0" uspid="261" ordinal="10" sl="261" sc="1" el="261" ec="2" bec="0" bev="0" fileid="4" />
                <SequencePoint vc="0" uspid="262" ordinal="11" sl="262" sc="1" el="262" ec="2" bec="2" bev="0" fileid="4" />
                <SequencePoint vc="0" uspid="263" ordinal="12" sl="263" sc="1" el="263" ec="2" bec="0" bev="0" fileid="4" />
                <SequencePoint vc="0" uspid="264" ordinal="13" sl="264" sc="1" el="264" ec="2" bec="0" bev="0" fileid="4" />
                <SequencePoint vc="0" uspid="265" ordinal="14" sl="265" sc="1" el="265" ec="2" bec="0" bev="0" fileid="4" />
                <SequencePoint vc="0" uspid="266" ordinal="15" sl="266" sc="1" el="266" ec="2" bec="0" bev="0" fileid="4" />
                <SequencePoint vc="0" uspid="267" ordinal="16" sl="267" sc="1" el="267" ec="2" bec="0" bev="0" fileid="4" />
                <SequencePoint vc="0" uspid="268" ordinal="17" sl="268" sc="1" el="268" ec="2" bec="0" bev="0" fileid="4" />
                <SequencePoint vc="0" uspid="271" ordinal="18" sl="271" sc="1" el="271" ec="2" bec="0" bev="0" fileid="4" />
                <SequencePoint vc="0" uspid="272" ordinal="19" sl="272" sc="1" el="272" ec="2" bec="2" bev="0" fileid="4" />
                <SequencePoint vc="0" uspid="273" ordinal="20" sl="273" sc="1" el="273" ec="2" bec="0" bev="0" fileid="4" />
                <SequencePoint vc="0" uspid="274" ordinal="21" sl="274" sc="1" el="274" ec="2" bec="0" bev="0" fileid="4" />
                <SequencePoint vc="0" uspid="275" ordinal="22" sl="275" sc="1" el="275" ec="2" bec="2" bev="0" fileid="4" />
                <SequencePoint vc="0" uspid="276" ordinal="23" sl="276" sc="1" el="276" ec="2" bec="0" bev="0" fileid="4" />
                <SequencePoint vc="0" uspid="277" ordinal="24" sl="277" sc="1" el="277" ec="2" bec="0" bev="0" fileid="4" />
                <SequencePoint vc="0" uspid="278" ordinal="25" sl="278" sc="1" el="278" ec="2" bec="2" bev="0" fileid="4" />
                <SequencePoint vc="0" uspid="279" ordinal="26" sl="279" sc="1" el="279" ec="2" bec="0" bev="0" fileid="4" />
                <SequencePoint vc="0" uspid="280" ordinal="27" sl="280" sc="1" el="280" ec="2" bec="0" bev="0" fileid="4" />
                <SequencePoint vc="0" uspid="281" ordinal="28" sl="281" sc="1" el="281" ec="2" bec="0" bev="0" fileid="4" />
                <SequencePoint vc="0" uspid="282" ordinal="29" sl="282" sc="1" el="282" ec="2" bec="0" bev="0" fileid="4" />
                <SequencePoint vc="0" uspid="283" ordinal="30" sl="283" sc="1" el="283" ec="2" bec="0" bev="0" fileid="4" />
                <SequencePoint vc="0" uspid="284" ordinal="31" sl="284" sc="1" el="284" ec="2" bec="0" bev="0" fileid="4" />
                <SequencePoint vc="0" uspid="285" ordinal="32" sl="285" sc="1" el="285" ec="2" bec="0" bev="0" fileid="4" />
                <SequencePoint vc="0" uspid="286" ordinal="33" sl="286" sc="1" el="286" ec="2" bec="0" bev="0" fileid="4" />
                <SequencePoint vc="0" uspid="288" ordinal="34" sl="288" sc="1" el="288" ec="2" bec="2" bev="0" fileid="4" />
                <SequencePoint vc="0" uspid="289" ordinal="35" sl="289" sc="1" el="289" ec="2" bec="0" bev="0" fileid="4" />
                <SequencePoint vc="0" uspid="290" ordinal="36" sl="290" sc="1" el="290" ec="2" bec="0" bev="0" fileid="4" />
                <SequencePoint vc="0" uspid="291" ordinal="37" sl="291" sc="1" el="291" ec="2" bec="0" bev="0" fileid="4" />
                <SequencePoint vc="0" uspid="292" ordinal="38" sl="292" sc="1" el="292" ec="2" bec="0" bev="0" fileid="4" />
                <SequencePoint vc="0" uspid="293" ordinal="39" sl="293" sc="1" el="293" ec="2" bec="0" bev="0" fileid="4" />
                <SequencePoint vc="0" uspid="294" ordinal="40" sl="294" sc="1" el="294" ec="2" bec="0" bev="0" fileid="4" />
                <SequencePoint vc="0" uspid="295" ordinal="41" sl="295" sc="1" el="295" ec="2" bec="0" bev="0" fileid="4" />
                <SequencePoint vc="0" uspid="296" ordinal="42" sl="296" sc="1" el="296" ec="2" bec="0" bev="0" fileid="4" />
                <SequencePoint vc="0" uspid="297" ordinal="43" sl="297" sc="1" el="297" ec="2" bec="0" bev="0" fileid="4" />
                <SequencePoint vc="0" uspid="298" ordinal="44" sl="298" sc="1" el="298" ec="2" bec="0" bev="0" fileid="4" />
                <SequencePoint vc="0" uspid="299" ordinal="45" sl="299" sc="1" el="299" ec="2" bec="0" bev="0" fileid="4" />
              </SequencePoints>
              <BranchPoints>
                <BranchPoint vc="0" uspid="251" ordinal="1" path="1" offset="54" offsetend="22" sl="251" fileid="4" />
                <BranchPoint vc="0" uspid="251" ordinal="0" path="0" offset="54" offsetend="56" sl="251" fileid="4" />
                <BranchPoint vc="0" uspid="259" ordinal="5" path="1" offset="230" offsetend="111" sl="259" fileid="4" />
                <BranchPoint vc="0" uspid="262" ordinal="3" path="1" offset="174" offsetend="140" sl="262" fileid="4" />
                <BranchPoint vc="0" uspid="262" ordinal="2" path="0" offset="174" offsetend="176" sl="262" fileid="4" />
                <BranchPoint vc="0" uspid="259" ordinal="4" path="0" offset="230" offsetend="232" sl="259" fileid="4" />
                <BranchPoint vc="0" uspid="272" ordinal="11" path="1" offset="496" offsetend="285" sl="272" fileid="4" />
                <BranchPoint vc="0" uspid="275" ordinal="9" path="1" offset="440" offsetend="314" sl="275" fileid="4" />
                <BranchPoint vc="0" uspid="278" ordinal="7" path="1" offset="382" offsetend="343" sl="278" fileid="4" />
                <BranchPoint vc="0" uspid="278" ordinal="6" path="0" offset="382" offsetend="384" sl="278" fileid="4" />
                <BranchPoint vc="0" uspid="275" ordinal="8" path="0" offset="440" offsetend="442" sl="275" fileid="4" />
                <BranchPoint vc="0" uspid="272" ordinal="10" path="0" offset="496" offsetend="501" sl="272" fileid="4" />
                <BranchPoint vc="0" uspid="288" ordinal="12" path="0" offset="549" offsetend="551" sl="288" fileid="4" />
                <BranchPoint vc="0" uspid="288" ordinal="13" path="1" offset="549" offsetend="592" sl="288" fileid="4" />
              </BranchPoints>
              <MethodPoint vc="0" uspid="0" p8:type="SequencePoint" ordinal="3" offset="3" sc="0" sl="249" ec="1" el="299" bec="0" bev="0" fileid="4" xmlns:p8="xsi" />
            </Method>
            <Method cyclomaticComplexity="8" nPathComplexity="8" sequenceCoverage="0" branchCoverage="0" isConstructor="False" isGetter="False" isSetter="False" isStatic="True">
              <Summary numSequencePoints="29" visitedSequencePoints="0" numBranchPoints="8" visitedBranchPoints="0" sequenceCoverage="0" branchCoverage="0" maxCyclomaticComplexity="8" minCyclomaticComplexity="8" visitedClasses="0" numClasses="0" visitedMethods="0" numMethods="1" />
              <MetadataToken />
              <Name>System.Collections.Generic.List`1&lt;System.Collections.Generic.List`1&lt;System.Collections.Generic.List`1&lt;System.Double&gt;&gt;&gt; DataImport::RetrieveRawData(FRC_App.Models.User)</Name>
              <FileRef uid="4" />
              <SequencePoints>
                <SequencePoint vc="0" uspid="316" ordinal="0" sl="316" sc="1" el="316" ec="2" bec="0" bev="0" fileid="4" />
                <SequencePoint vc="0" uspid="317" ordinal="1" sl="317" sc="1" el="317" ec="2" bec="0" bev="0" fileid="4" />
                <SequencePoint vc="0" uspid="320" ordinal="2" sl="320" sc="1" el="320" ec="2" bec="0" bev="0" fileid="4" />
                <SequencePoint vc="0" uspid="321" ordinal="3" sl="321" sc="1" el="321" ec="2" bec="0" bev="0" fileid="4" />
                <SequencePoint vc="0" uspid="322" ordinal="4" sl="322" sc="1" el="322" ec="2" bec="2" bev="0" fileid="4" />
                <SequencePoint vc="0" uspid="323" ordinal="5" sl="323" sc="1" el="323" ec="2" bec="0" bev="0" fileid="4" />
                <SequencePoint vc="0" uspid="324" ordinal="6" sl="324" sc="1" el="324" ec="2" bec="0" bev="0" fileid="4" />
                <SequencePoint vc="0" uspid="325" ordinal="7" sl="325" sc="1" el="325" ec="2" bec="0" bev="0" fileid="4" />
                <SequencePoint vc="0" uspid="326" ordinal="8" sl="326" sc="1" el="326" ec="2" bec="0" bev="0" fileid="4" />
                <SequencePoint vc="0" uspid="329" ordinal="9" sl="329" sc="1" el="329" ec="2" bec="0" bev="0" fileid="4" />
                <SequencePoint vc="0" uspid="330" ordinal="10" sl="330" sc="1" el="330" ec="2" bec="0" bev="0" fileid="4" />
                <SequencePoint vc="0" uspid="331" ordinal="11" sl="331" sc="1" el="331" ec="2" bec="2" bev="0" fileid="4" />
                <SequencePoint vc="0" uspid="332" ordinal="12" sl="332" sc="1" el="332" ec="2" bec="0" bev="0" fileid="4" />
                <SequencePoint vc="0" uspid="333" ordinal="13" sl="333" sc="1" el="333" ec="2" bec="0" bev="0" fileid="4" />
                <SequencePoint vc="0" uspid="334" ordinal="14" sl="334" sc="1" el="334" ec="2" bec="0" bev="0" fileid="4" />
                <SequencePoint vc="0" uspid="335" ordinal="15" sl="335" sc="1" el="335" ec="2" bec="2" bev="0" fileid="4" />
                <SequencePoint vc="0" uspid="336" ordinal="16" sl="336" sc="1" el="336" ec="2" bec="0" bev="0" fileid="4" />
                <SequencePoint vc="0" uspid="337" ordinal="17" sl="337" sc="1" el="337" ec="2" bec="0" bev="0" fileid="4" />
                <SequencePoint vc="0" uspid="338" ordinal="18" sl="338" sc="1" el="338" ec="2" bec="0" bev="0" fileid="4" />
                <SequencePoint vc="0" uspid="339" ordinal="19" sl="339" sc="1" el="339" ec="2" bec="2" bev="0" fileid="4" />
                <SequencePoint vc="0" uspid="340" ordinal="20" sl="340" sc="1" el="340" ec="2" bec="0" bev="0" fileid="4" />
                <SequencePoint vc="0" uspid="341" ordinal="21" sl="341" sc="1" el="341" ec="2" bec="0" bev="0" fileid="4" />
                <SequencePoint vc="0" uspid="342" ordinal="22" sl="342" sc="1" el="342" ec="2" bec="0" bev="0" fileid="4" />
                <SequencePoint vc="0" uspid="343" ordinal="23" sl="343" sc="1" el="343" ec="2" bec="0" bev="0" fileid="4" />
                <SequencePoint vc="0" uspid="344" ordinal="24" sl="344" sc="1" el="344" ec="2" bec="0" bev="0" fileid="4" />
                <SequencePoint vc="0" uspid="345" ordinal="25" sl="345" sc="1" el="345" ec="2" bec="0" bev="0" fileid="4" />
                <SequencePoint vc="0" uspid="346" ordinal="26" sl="346" sc="1" el="346" ec="2" bec="0" bev="0" fileid="4" />
                <SequencePoint vc="0" uspid="347" ordinal="27" sl="347" sc="1" el="347" ec="2" bec="0" bev="0" fileid="4" />
                <SequencePoint vc="0" uspid="348" ordinal="28" sl="348" sc="1" el="348" ec="2" bec="0" bev="0" fileid="4" />
              </SequencePoints>
              <BranchPoints>
                <BranchPoint vc="0" uspid="322" ordinal="1" path="1" offset="126" offsetend="74" sl="322" fileid="4" />
                <BranchPoint vc="0" uspid="322" ordinal="0" path="0" offset="126" offsetend="128" sl="322" fileid="4" />
                <BranchPoint vc="0" uspid="331" ordinal="7" path="1" offset="392" offsetend="188" sl="331" fileid="4" />
                <BranchPoint vc="0" uspid="335" ordinal="5" path="1" offset="356" offsetend="237" sl="335" fileid="4" />
                <BranchPoint vc="0" uspid="339" ordinal="3" path="1" offset="319" offsetend="286" sl="339" fileid="4" />
[...]
              <MetadataToken />
              <Name>System.Void FRC_App.Services.UserDatabase/&lt;GetUserAsync&gt;d__14::MoveNext()</Name>
              <FileRef uid="53" />
              <SequencePoints>
                <SequencePoint vc="0" uspid="179" ordinal="0" sl="179" sc="1" el="179" ec="2" bec="0" bev="0" fileid="53" />
                <SequencePoint vc="0" uspid="180" ordinal="1" sl="180" sc="1" el="180" ec="2" bec="0" bev="0" fileid="53" />
                <SequencePoint vc="0" uspid="181" ordinal="2" sl="181" sc="1" el="181" ec="2" bec="0" bev="0" fileid="53" />
                <SequencePoint vc="0" uspid="183" ordinal="3" sl="183" sc="1" el="183" ec="2" bec="0" bev="0" fileid="53" />
                <SequencePoint vc="0" uspid="184" ordinal="4" sl="184" sc="1" el="184" ec="2" bec="0" bev="0" fileid="53" />
              </SequencePoints>
              <BranchPoints />
              <MethodPoint vc="0" uspid="0" p8:type="SequencePoint" ordinal="0" offset="0" sc="0" sl="179" ec="1" el="184" bec="0" bev="0" fileid="53" xmlns:p8="xsi" />
            </Method>
          </Methods>
        </Class>
        <Class>
          <Summary numSequencePoints="8" visitedSequencePoints="0" numBranchPoints="2" visitedBranchPoints="0" sequenceCoverage="0" branchCoverage="0" maxCyclomaticComplexity="2" minCyclomaticComplexity="2" visitedClasses="0" numClasses="1" visitedMethods="0" numMethods="1" />
          <FullName>FRC_App.Services.UserDatabase/&lt;Init&gt;d__1</FullName>
          <Methods>
            <Method cyclomaticComplexity="2" nPathComplexity="2" sequenceCoverage="0" branchCoverage="0" isConstructor="False" isGetter="False" isSetter="False" isStatic="True">
              <Summary numSequencePoints="8" visitedSequencePoints="0" numBranchPoints="2" visitedBranchPoints="0" sequenceCoverage="0" branchCoverage="0" maxCyclomaticComplexity="2" minCyclomaticComplexity="2" visitedClasses="0" numClasses="0" visitedMethods="0" numMethods="1" />
              <MetadataToken />
              <Name>System.Void FRC_App.Services.UserDatabase/&lt;Init&gt;d__1::MoveNext()</Name>
              <FileRef uid="53" />
              <SequencePoints>
                <SequencePoint vc="0" uspid="12" ordinal="0" sl="12" sc="1" el="12" ec="2" bec="0" bev="0" fileid="53" />
                <SequencePoint vc="0" uspid="13" ordinal="1" sl="13" sc="1" el="13" ec="2" bec="2" bev="0" fileid="53" />
                <SequencePoint vc="0" uspid="14" ordinal="2" sl="14" sc="1" el="14" ec="2" bec="0" bev="0" fileid="53" />
                <SequencePoint vc="0" uspid="17" ordinal="3" sl="17" sc="1" el="17" ec="2" bec="0" bev="0" fileid="53" />
                <SequencePoint vc="0" uspid="18" ordinal="4" sl="18" sc="1" el="18" ec="2" bec="0" bev="0" fileid="53" />
                <SequencePoint vc="0" uspid="24" ordinal="5" sl="24" sc="1" el="24" ec="2" bec="0" bev="0" fileid="53" />
                <SequencePoint vc="0" uspid="26" ordinal="6" sl="26" sc="1" el="26" ec="2" bec="0" bev="0" fileid="53" />
                <SequencePoint vc="0" uspid="27" ordinal="7" sl="27" sc="1" el="27" ec="2" bec="0" bev="0" fileid="53" />
              </SequencePoints>
              <BranchPoints>
                <BranchPoint vc="0" uspid="13" ordinal="0" path="0" offset="28" offsetend="30" sl="13" fileid="53" />
                <BranchPoint vc="0" uspid="13" ordinal="1" path="1" offset="28" offsetend="36" sl="13" fileid="53" />
              </BranchPoints>
              <MethodPoint vc="0" uspid="0" p8:type="SequencePoint" ordinal="0" offset="0" sc="0" sl="12" ec="1" el="27" bec="0" bev="0" fileid="53" xmlns:p8="xsi" />
            </Method>
          </Methods>
        </Class>
        <Class>
          <Summary numSequencePoints="5" visitedSequencePoints="0" numBranchPoints="0" visitedBranchPoints="0" sequenceCoverage="0" branchCoverage="100" maxCyclomaticComplexity="1" minCyclomaticComplexity="1" visitedClasses="0" numClasses="1" visitedMethods="0" numMethods="1" />
          <FullName>FRC_App.Services.UserDatabase/&lt;UpdatePassword&gt;d__10</FullName>
          <Methods>
            <Method cyclomaticComplexity="1" nPathComplexity="1" sequenceCoverage="0" branchCoverage="100" isConstructor="False" isGetter="False" isSetter="False" isStatic="True">
              <Summary numSequencePoints="5" visitedSequencePoints="0" numBranchPoints="0" visitedBranchPoints="0" sequenceCoverage="0" branchCoverage="100" maxCyclomaticComplexity="1" minCyclomaticComplexity="1" visitedClasses="0" numClasses="0" visitedMethods="0" numMethods="1" />
              <MetadataToken />
              <Name>System.Void FRC_App.Services.UserDatabase/&lt;UpdatePassword&gt;d__10::MoveNext()</Name>
              <FileRef uid="53" />
              <SequencePoints>
                <SequencePoint vc="0" uspid="148" ordinal="0" sl="148" sc="1" el="148" ec="2" bec="0" bev="0" fileid="53" />
                <SequencePoint vc="0" uspid="149" ordinal="1" sl="149" sc="1" el="149" ec="2" bec="0" bev="0" fileid="53" />
                <SequencePoint vc="0" uspid="150" ordinal="2" sl="150" sc="1" el="150" ec="2" bec="0" bev="0" fileid="53" />
                <SequencePoint vc="0" uspid="151" ordinal="3" sl="151" sc="1" el="151" ec="2" bec="0" bev="0" fileid="53" />
                <SequencePoint vc="0" uspid="152" ordinal="4" sl="152" sc="1" el="152" ec="2" bec="0" bev="0" fileid="53" />
              </SequencePoints>
              <BranchPoints />
              <MethodPoint vc="0" uspid="0" p8:type="SequencePoint" ordinal="0" offset="0" sc="0" sl="148" ec="1" el="152" bec="0" bev="0" fileid="53" xmlns:p8="xsi" />
            </Method>
          </Methods>
        </Class>
        <Class>
          <Summary numSequencePoints="8" visitedSequencePoints="0" numBranchPoints="2" visitedBranchPoints="0" sequenceCoverage="0" branchCoverage="0" maxCyclomaticComplexity="2" minCyclomaticComplexity="2" visitedClasses="0" numClasses="1" visitedMethods="0" numMethods="1" />
          <FullName>FRC_App.Services.UserDatabase/&lt;UpdateTeamName&gt;d__7</FullName>
          <Methods>
            <Method cyclomaticComplexity="2" nPathComplexity="2" sequenceCoverage="0" branchCoverage="0" isConstructor="False" isGetter="False" isSetter="False" isStatic="True">
              <Summary numSequencePoints="8" visitedSequencePoints="0" numBranchPoints="2" visitedBranchPoints="0" sequenceCoverage="0" branchCoverage="0" maxCyclomaticComplexity="2" minCyclomaticComplexity="2" visitedClasses="0" numClasses="0" visitedMethods="0" numMethods="1" />
              <MetadataToken />
              <Name>System.Void FRC_App.Services.UserDatabase/&lt;UpdateTeamName&gt;d__7::MoveNext()</Name>
              <FileRef uid="53" />
              <SequencePoints>
                <SequencePoint vc="0" uspid="112" ordinal="0" sl="112" sc="1" el="112" ec="2" bec="0" bev="0" fileid="53" />
                <SequencePoint vc="0" uspid="113" ordinal="1" sl="113" sc="1" el="113" ec="2" bec="0" bev="0" fileid="53" />
                <SequencePoint vc="0" uspid="115" ordinal="2" sl="115" sc="1" el="115" ec="2" bec="2" bev="0" fileid="53" />
                <SequencePoint vc="0" uspid="116" ordinal="3" sl="116" sc="1" el="116" ec="2" bec="0" bev="0" fileid="53" />
                <SequencePoint vc="0" uspid="117" ordinal="4" sl="117" sc="1" el="117" ec="2" bec="0" bev="0" fileid="53" />
                <SequencePoint vc="0" uspid="119" ordinal="5" sl="119" sc="1" el="119" ec="2" bec="0" bev="0" fileid="53" />
                <SequencePoint vc="0" uspid="120" ordinal="6" sl="120" sc="1" el="120" ec="2" bec="0" bev="0" fileid="53" />
                <SequencePoint vc="0" uspid="121" ordinal="7" sl="121" sc="1" el="121" ec="2" bec="0" bev="0" fileid="53" />
              </SequencePoints>
              <BranchPoints>
                <BranchPoint vc="0" uspid="115" ordinal="0" path="0" offset="252" offsetend="254" sl="115" fileid="53" />
                <BranchPoint vc="0" uspid="115" ordinal="1" path="1" offset="252" offsetend="266" sl="115" fileid="53" />
              </BranchPoints>
              <MethodPoint vc="0" uspid="0" p8:type="SequencePoint" ordinal="0" offset="0" sc="0" sl="112" ec="1" el="121" bec="0" bev="0" fileid="53" xmlns:p8="xsi" />
            </Method>
          </Methods>
        </Class>
        <Class>
          <Summary numSequencePoints="8" visitedSequencePoints="0" numBranchPoints="2" visitedBranchPoints="0" sequenceCoverage="0" branchCoverage="0" maxCyclomaticComplexity="2" minCyclomaticComplexity="2" visitedClasses="0" numClasses="1" visitedMethods="0" numMethods="1" />
          <FullName>FRC_App.Services.UserDatabase/&lt;UpdateTeamNumber&gt;d__8</FullName>
          <Methods>
            <Method cyclomaticComplexity="2" nPathComplexity="2" sequenceCoverage="0" branchCoverage="0" isConstructor="False" isGetter="False" isSetter="False" isStatic="True">
              <Summary numSequencePoints="8" visitedSequencePoints="0" numBranchPoints="2" visitedBranchPoints="0" sequenceCoverage="0" branchCoverage="0" maxCyclomaticComplexity="2" minCyclomaticComplexity="2" visitedClasses="0" numClasses="0" visitedMethods="0" numMethods="1" />
              <MetadataToken />
              <Name>System.Void FRC_App.Services.UserDatabase/&lt;UpdateTeamNumber&gt;d__8::MoveNext()</Name>
              <FileRef uid="53" />
              <SequencePoints>
                <SequencePoint vc="0" uspid="124" ordinal="0" sl="124" sc="1" el="124" ec="2" bec="0" bev="0" fileid="53" />
                <SequencePoint vc="0" uspid="125" ordinal="1" sl="125" sc="1" el="125" ec="2" bec="0" bev="0" fileid="53" />
                <SequencePoint vc="0" uspid="127" ordinal="2" sl="127" sc="1" el="127" ec="2" bec="2" bev="0" fileid="53" />
                <SequencePoint vc="0" uspid="128" ordinal="3" sl="128" sc="1" el="128" ec="2" bec="0" bev="0" fileid="53" />
                <SequencePoint vc="0" uspid="129" ordinal="4" sl="129" sc="1" el="129" ec="2" bec="0" bev="0" fileid="53" />
                <SequencePoint vc="0" uspid="131" ordinal="5" sl="131" sc="1" el="131" ec="2" bec="0" bev="0" fileid="53" />
                <SequencePoint vc="0" uspid="132" ordinal="6" sl="132" sc="1" el="132" ec="2" bec="0" bev="0" fileid="53" />
                <SequencePoint vc="0" uspid="133" ordinal="7" sl="133" sc="1" el="133" ec="2" bec="0" bev="0" fileid="53" />
              </SequencePoints>
              <BranchPoints>
                <BranchPoint vc="0" uspid="127" ordinal="0" path="0" offset="252" offsetend="254" sl="127" fileid="53" />
                <BranchPoint vc="0" uspid="127" ordinal="1" path="1" offset="252" offsetend="266" sl="127" fileid="53" />
              </BranchPoints>
              <MethodPoint vc="0" uspid="0" p8:type="SequencePoint" ordinal="0" offset="0" sc="0" sl="124" ec="1" el="133" bec="0" bev="0" fileid="53" xmlns:p8="xsi" />
            </Method>
          </Methods>
        </Class>
        <Class>
          <Summary numSequencePoints="4" visitedSequencePoints="0" numBranchPoints="0" visitedBranchPoints="0" sequenceCoverage="0" branchCoverage="100" maxCyclomaticComplexity="1" minCyclomaticComplexity="1" visitedClasses="0" numClasses="1" visitedMethods="0" numMethods="1" />
          <FullName>FRC_App.Services.UserDatabase/&lt;UpdateUserAsync&gt;d__15</FullName>
          <Methods>
            <Method cyclomaticComplexity="1" nPathComplexity="1" sequenceCoverage="0" branchCoverage="100" isConstructor="False" isGetter="False" isSetter="False" isStatic="True">
              <Summary numSequencePoints="4" visitedSequencePoints="0" numBranchPoints="0" visitedBranchPoints="0" sequenceCoverage="0" branchCoverage="100" maxCyclomaticComplexity="1" minCyclomaticComplexity="1" visitedClasses="0" numClasses="0" visitedMethods="0" numMethods="1" />
              <MetadataToken />
              <Name>System.Void FRC_App.Services.UserDatabase/&lt;UpdateUserAsync&gt;d__15::MoveNext()</Name>
              <FileRef uid="53" />
              <SequencePoints>
                <SequencePoint vc="0" uspid="188" ordinal="0" sl="188" sc="1" el="188" ec="2" bec="0" bev="0" fileid="53" />
                <SequencePoint vc="0" uspid="189" ordinal="1" sl="189" sc="1" el="189" ec="2" bec="0" bev="0" fileid="53" />
                <SequencePoint vc="0" uspid="190" ordinal="2" sl="190" sc="1" el="190" ec="2" bec="0" bev="0" fileid="53" />
                <SequencePoint vc="0" uspid="191" ordinal="3" sl="191" sc="1" el="191" ec="2" bec="0" bev="0" fileid="53" />
              </SequencePoints>
              <BranchPoints />
              <MethodPoint vc="0" uspid="0" p8:type="SequencePoint" ordinal="0" offset="0" sc="0" sl="188" ec="1" el="191" bec="0" bev="0" fileid="53" xmlns:p8="xsi" />
            </Method>
          </Methods>
        </Class>
        <Class>
          <Summary numSequencePoints="8" visitedSequencePoints="0" numBranchPoints="2" visitedBranchPoints="0" sequenceCoverage="0" branchCoverage="0" maxCyclomaticComplexity="2" minCyclomaticComplexity="2" visitedClasses="0" numClasses="1" visitedMethods="0" numMethods="1" />
          <FullName>FRC_App.Services.UserDatabase/&lt;UpdateUsername&gt;d__9</FullName>
          <Methods>
            <Method cyclomaticComplexity="2" nPathComplexity="2" sequenceCoverage="0" branchCoverage="0" isConstructor="False" isGetter="False" isSetter="False" isStatic="True">
              <Summary numSequencePoints="8" visitedSequencePoints="0" numBranchPoints="2" visitedBranchPoints="0" sequenceCoverage="0" branchCoverage="0" maxCyclomaticComplexity="2" minCyclomaticComplexity="2" visitedClasses="0" numClasses="0" visitedMethods="0" numMethods="1" />
              <MetadataToken />
              <Name>System.Void FRC_App.Services.UserDatabase/&lt;UpdateUsername&gt;d__9::MoveNext()</Name>
              <FileRef uid="53" />
              <SequencePoints>
                <SequencePoint vc="0" uspid="136" ordinal="0" sl="136" sc="1" el="136" ec="2" bec="0" bev="0" fileid="53" />
                <SequencePoint vc="0" uspid="137" ordinal="1" sl="137" sc="1" el="137" ec="2" bec="0" bev="0" fileid="53" />
                <SequencePoint vc="0" uspid="139" ordinal="2" sl="139" sc="1" el="139" ec="2" bec="2" bev="0" fileid="53" />
                <SequencePoint vc="0" uspid="140" ordinal="3" sl="140" sc="1" el="140" ec="2" bec="0" bev="0" fileid="53" />
                <SequencePoint vc="0" uspid="141" ordinal="4" sl="141" sc="1" el="141" ec="2" bec="0" bev="0" fileid="53" />
                <SequencePoint vc="0" uspid="143" ordinal="5" sl="143" sc="1" el="143" ec="2" bec="0" bev="0" fileid="53" />
                <SequencePoint vc="0" uspid="144" ordinal="6" sl="144" sc="1" el="144" ec="2" bec="0" bev="0" fileid="53" />
                <SequencePoint vc="0" uspid="145" ordinal="7" sl="145" sc="1" el="145" ec="2" bec="0" bev="0" fileid="53" />
              </SequencePoints>
              <BranchPoints>
                <BranchPoint vc="0" uspid="139" ordinal="0" path="0" offset="252" offsetend="254" sl="139" fileid="53" />
                <BranchPoint vc="0" uspid="139" ordinal="1" path="1" offset="252" offsetend="266" sl="139" fileid="53" />
              </BranchPoints>
              <MethodPoint vc="0" uspid="0" p8:type="SequencePoint" ordinal="0" offset="0" sc="0" sl="136" ec="1" el="145" bec="0" bev="0" fileid="53" xmlns:p8="xsi" />
            </Method>
          </Methods>
        </Class>
        <Class>
          <Summary numSequencePoints="8" visitedSequencePoints="0" numBranchPoints="0" visitedBranchPoints="0" sequenceCoverage="0" branchCoverage="100" maxCyclomaticComplexity="1" minCyclomaticComplexity="1" visitedClasses="0" numClasses="1" visitedMethods="0" numMethods="1" />
          <FullName>FRC_App.Services.UserDatabase/&lt;clearData&gt;d__3</FullName>
          <Methods>
            <Method cyclomaticComplexity="1" nPathComplexity="1" sequenceCoverage="0" branchCoverage="100" isConstructor="False" isGetter="False" isSetter="False" isStatic="True">
              <Summary numSequencePoints="8" visitedSequencePoints="0" numBranchPoints="0" visitedBranchPoints="0" sequenceCoverage="0" branchCoverage="100" maxCyclomaticComplexity="1" minCyclomaticComplexity="1" visitedClasses="0" numClasses="0" visitedMethods="0" numMethods="1" />
              <MetadataToken />
              <Name>System.Void FRC_App.Services.UserDatabase/&lt;clearData&gt;d__3::MoveNext()</Name>
              <FileRef uid="53" />
              <SequencePoints>
                <SequencePoint vc="0" uspid="71" ordinal="0" sl="71" sc="1" el="71" ec="2" bec="0" bev="0" fileid="53" />
                <SequencePoint vc="0" uspid="72" ordinal="1" sl="72" sc="1" el="72" ec="2" bec="0" bev="0" fileid="53" />
                <SequencePoint vc="0" uspid="74" ordinal="2" sl="74" sc="1" el="74" ec="2" bec="0" bev="0" fileid="53" />
                <SequencePoint vc="0" uspid="75" ordinal="3" sl="75" sc="1" el="75" ec="2" bec="0" bev="0" fileid="53" />
                <SequencePoint vc="0" uspid="76" ordinal="4" sl="76" sc="1" el="76" ec="2" bec="0" bev="0" fileid="53" />
                <SequencePoint vc="0" uspid="77" ordinal="5" sl="77" sc="1" el="77" ec="2" bec="0" bev="0" fileid="53" />
                <SequencePoint vc="0" uspid="79" ordinal="6" sl="79" sc="1" el="79" ec="2" bec="0" bev="0" fileid="53" />
                <SequencePoint vc="0" uspid="80" ordinal="7" sl="80" sc="1" el="80" ec="2" bec="0" bev="0" fileid="53" />
              </SequencePoints>
              <BranchPoints />
              <MethodPoint vc="0" uspid="0" p8:type="SequencePoint" ordinal="0" offset="0" sc="0" sl="71" ec="1" el="80" bec="0" bev="0" fileid="53" xmlns:p8="xsi" />
            </Method>
          </Methods>
        </Class>
        <Class>
          <Summary numSequencePoints="5" visitedSequencePoints="0" numBranchPoints="0" visitedBranchPoints="0" sequenceCoverage="0" branchCoverage="100" maxCyclomaticComplexity="1" minCyclomaticComplexity="1" visitedClasses="0" numClasses="1" visitedMethods="0" numMethods="1" />
          <FullName>FRC_App.Services.UserDatabase/&lt;storeData&gt;d__4</FullName>
          <Methods>
            <Method cyclomaticComplexity="1" nPathComplexity="1" sequenceCoverage="0" branchCoverage="100" isConstructor="False" isGetter="False" isSetter="False" isStatic="True">
              <Summary numSequencePoints="5" visitedSequencePoints="0" numBranchPoints="0" visitedBranchPoints="0" sequenceCoverage="0" branchCoverage="100" maxCyclomaticComplexity="1" minCyclomaticComplexity="1" visitedClasses="0" numClasses="0" visitedMethods="0" numMethods="1" />
              <MetadataToken />
              <Name>System.Void FRC_App.Services.UserDatabase/&lt;storeData&gt;d__4::MoveNext()</Name>
              <FileRef uid="53" />
              <SequencePoints>
                <SequencePoint vc="0" uspid="84" ordinal="0" sl="84" sc="1" el="84" ec="2" bec="0" bev="0" fileid="53" />
                <SequencePoint vc="0" uspid="85" ordinal="1" sl="85" sc="1" el="85" ec="2" bec="0" bev="0" fileid="53" />
                <SequencePoint vc="0" uspid="87" ordinal="2" sl="87" sc="1" el="87" ec="2" bec="0" bev="0" fileid="53" />
                <SequencePoint vc="0" uspid="89" ordinal="3" sl="89" sc="1" el="89" ec="2" bec="0" bev="0" fileid="53" />
                <SequencePoint vc="0" uspid="90" ordinal="4" sl="90" sc="1" el="90" ec="2" bec="0" bev="0" fileid="53" />
              </SequencePoints>
              <BranchPoints />
              <MethodPoint vc="0" uspid="0" p8:type="SequencePoint" ordinal="0" offset="0" sc="0" sl="84" ec="1" el="90" bec="0" bev="0" fileid="53" xmlns:p8="xsi" />
            </Method>
          </Methods>
        </Class>
      </Classes>
    </Module>
  </Modules>
</CoverageSession>